#
# There is insufficient memory for the Java Runtime Environment to continue.
# Native memory allocation (malloc) failed to allocate 839216 bytes for Chunk::new
# Possible reasons:
#   The system is out of physical RAM or swap space
#   The process is running with CompressedOops enabled, and the Java Heap may be blocking the growth of the native heap
# Possible solutions:
#   Reduce memory load on the system
#   Increase physical memory or swap space
#   Check if swap backing store is full
#   Decrease Java heap size (-Xmx/-Xms)
#   Decrease number of Java threads
#   Decrease Java thread stack sizes (-Xss)
#   Set larger code cache with -XX:ReservedCodeCacheSize=
#   JVM is running with Unscaled Compressed Oops mode in which the Java heap is
#     placed in the first 4GB address space. The Java Heap base address is the
#     maximum limit for the native heap growth. Please use -XX:HeapBaseMinAddress
#     to set the Java Heap base and to place the Java Heap above 4GB virtual address.
# This output file may be truncated or incomplete.
#
#  Out of Memory Error (arena.cpp:195), pid=19168, tid=19280
#
# JRE version: OpenJDK Runtime Environment Temurin-16.0.2+7 (16.0.2+7) (build 16.0.2+7)
# Java VM: OpenJDK 64-Bit Server VM Temurin-16.0.2+7 (16.0.2+7, mixed mode, sharing, tiered, compressed oops, compressed class ptrs, parallel gc, windows-amd64)
# No core dump will be written. Minidumps are not enabled by default on client versions of Windows
#

---------------  S U M M A R Y ------------

Command Line: --add-modules=ALL-SYSTEM --add-opens=java.base/java.util=ALL-UNNAMED --add-opens=java.base/java.lang=ALL-UNNAMED -Declipse.application=org.eclipse.jdt.ls.core.id1 -Dosgi.bundles.defaultStartLevel=4 -Declipse.product=org.eclipse.jdt.ls.core.product -Dfile.encoding=utf8 -DwatchParentProcess=false -XX:+UseParallelGC -XX:GCTimeRatio=4 -XX:AdaptiveSizePolicyWeight=90 -Dsun.zip.disableMemoryMapping=true -Xmx1G -Xms100m c:\Users\George\.vscode\extensions\redhat.java-0.81.0\server\plugins\org.eclipse.equinox.launcher_1.6.200.v20210416-2027.jar -configuration c:\Users\George\AppData\Roaming\Code\User\globalStorage\redhat.java\0.81.0\config_ss_win -data c:\Users\George\AppData\Roaming\Code\User\workspaceStorage\0c114361161fcf431a097364f6f69c26\redhat.java\ss_ws

Host: Intel(R) Core(TM) i5-3470 CPU @ 3.20GHz, 4 cores, 7G,  Windows 10 , 64 bit Build 19041 (10.0.19041.1151)
Time: Sun Sep  5 00:24:05 2021 AUS Eastern Standard Time elapsed time: 12.797595 seconds (0d 0h 0m 12s)

---------------  T H R E A D  ---------------

Current thread (0x0000015ddd3e2030):  JavaThread "C2 CompilerThread0" daemon [_thread_in_native, id=19280, stack(0x0000001401d00000,0x0000001401e00000)]


Current CompileTask:
C2:  12797 2976       4       org.eclipse.jdt.internal.core.JarPackageFragmentRoot::initRawPackageInfo (349 bytes)

Stack: [0x0000001401d00000,0x0000001401e00000]
Native frames: (J=compiled Java code, j=interpreted, Vv=VM code, C=native code)
V  [jvm.dll+0x67918a]
V  [jvm.dll+0x82b819]
V  [jvm.dll+0x82cfce]
V  [jvm.dll+0x82d623]
V  [jvm.dll+0x24ec65]
V  [jvm.dll+0xb73aa]
V  [jvm.dll+0xb794c]
V  [jvm.dll+0x367ec2]
V  [jvm.dll+0x332061]
V  [jvm.dll+0x33150a]
V  [jvm.dll+0x22024c]
V  [jvm.dll+0x21f660]
V  [jvm.dll+0x1ac3ab]
V  [jvm.dll+0x22f7d8]
V  [jvm.dll+0x22d81c]
V  [jvm.dll+0x7e0c42]
V  [jvm.dll+0x7da77a]
V  [jvm.dll+0x677fb6]
C  [ucrtbase.dll+0x21bb2]
C  [KERNEL32.DLL+0x17034]
C  [ntdll.dll+0x52651]


---------------  P R O C E S S  ---------------

Threads class SMR info:
_java_thread_list=0x0000015de10696e0, length=20, elements={
0x0000015dc38dd520, 0x0000015dc39bb370, 0x0000015dc39be150, 0x0000015ddd3d9c60,
0x0000015ddd3daa30, 0x0000015ddd3db800, 0x0000015ddd3df330, 0x0000015ddd3e2030,
0x0000015ddd3e2a30, 0x0000015ddd3f54a0, 0x0000015ddd49d7d0, 0x0000015ddf0b06f0,
0x0000015ddf47f840, 0x0000015ddf6289e0, 0x0000015ddf6299c0, 0x0000015ddf666300,
0x0000015ddf99c450, 0x0000015ddf238400, 0x0000015ddf238ea0, 0x0000015ddf237960
}

Java Threads: ( => current thread )
  0x0000015dc38dd520 JavaThread "main" [_thread_blocked, id=19256, stack(0x0000001401400000,0x0000001401500000)]
  0x0000015dc39bb370 JavaThread "Reference Handler" daemon [_thread_blocked, id=11816, stack(0x0000001401700000,0x0000001401800000)]
  0x0000015dc39be150 JavaThread "Finalizer" daemon [_thread_blocked, id=17436, stack(0x0000001401800000,0x0000001401900000)]
  0x0000015ddd3d9c60 JavaThread "Signal Dispatcher" daemon [_thread_blocked, id=18676, stack(0x0000001401900000,0x0000001401a00000)]
  0x0000015ddd3daa30 JavaThread "Attach Listener" daemon [_thread_blocked, id=10692, stack(0x0000001401a00000,0x0000001401b00000)]
  0x0000015ddd3db800 JavaThread "Service Thread" daemon [_thread_blocked, id=18140, stack(0x0000001401b00000,0x0000001401c00000)]
  0x0000015ddd3df330 JavaThread "Monitor Deflation Thread" daemon [_thread_blocked, id=19196, stack(0x0000001401c00000,0x0000001401d00000)]
=>0x0000015ddd3e2030 JavaThread "C2 CompilerThread0" daemon [_thread_in_native, id=19280, stack(0x0000001401d00000,0x0000001401e00000)]
  0x0000015ddd3e2a30 JavaThread "C1 CompilerThread0" daemon [_thread_blocked, id=18268, stack(0x0000001401e00000,0x0000001401f00000)]
  0x0000015ddd3f54a0 JavaThread "Sweeper thread" daemon [_thread_blocked, id=17688, stack(0x0000001401f00000,0x0000001402000000)]
  0x0000015ddd49d7d0 JavaThread "Common-Cleaner" daemon [_thread_blocked, id=19464, stack(0x0000001402000000,0x0000001402100000)]
  0x0000015ddf0b06f0 JavaThread "Notification Thread" daemon [_thread_blocked, id=19476, stack(0x0000001402100000,0x0000001402200000)]
  0x0000015ddf47f840 JavaThread "Active Thread: Equinox Container: e85c1023-b92a-4843-979c-019f49c92a79" [_thread_blocked, id=19592, stack(0x0000001402300000,0x0000001402400000)]
  0x0000015ddf6289e0 JavaThread "Framework Event Dispatcher: Equinox Container: e85c1023-b92a-4843-979c-019f49c92a79" daemon [_thread_blocked, id=19620, stack(0x0000001402400000,0x0000001402500000)]
  0x0000015ddf6299c0 JavaThread "Start Level: Equinox Container: e85c1023-b92a-4843-979c-019f49c92a79" daemon [_thread_blocked, id=19624, stack(0x0000001402500000,0x0000001402600000)]
  0x0000015ddf666300 JavaThread "SCR Component Actor" daemon [_thread_blocked, id=19628, stack(0x0000001402600000,0x0000001402700000)]
  0x0000015ddf99c450 JavaThread "Worker-JM" [_thread_blocked, id=19668, stack(0x0000001402b00000,0x0000001402c00000)]
  0x0000015ddf238400 JavaThread "Worker-0" [_thread_blocked, id=19736, stack(0x0000001402c00000,0x0000001402d00000)]
  0x0000015ddf238ea0 JavaThread "Worker-1: Initialize Workspace" [_thread_in_Java, id=19784, stack(0x0000001402d00000,0x0000001402e00000)]
  0x0000015ddf237960 JavaThread "pool-1-thread-1" [_thread_in_native, id=20024, stack(0x0000001402e00000,0x0000001402f00000)]

Other Threads:
  0x0000015dc39b6ef0 VMThread "VM Thread" [stack: 0x0000001401600000,0x0000001401700000] [id=18996]
  0x0000015ddf0b2c20 WatcherThread [stack: 0x0000001402200000,0x0000001402300000] [id=19480]
  0x0000015dc38f36e0 GCTaskThread "GC Thread#0" [stack: 0x0000001401500000,0x0000001401600000] [id=7328]
  0x0000015ddf681d30 GCTaskThread "GC Thread#1" [stack: 0x0000001402700000,0x0000001402800000] [id=19644]
  0x0000015ddf6b00d0 GCTaskThread "GC Thread#2" [stack: 0x0000001402800000,0x0000001402900000] [id=19648]
  0x0000015ddf6c0970 GCTaskThread "GC Thread#3" [stack: 0x0000001402900000,0x0000001402a00000] [id=19652]

Threads with active compile tasks:
C2 CompilerThread0    12835 2976       4       org.eclipse.jdt.internal.core.JarPackageFragmentRoot::initRawPackageInfo (349 bytes)

VM state: not at safepoint (normal execution)

VM Mutex/Monitor currently owned by a thread: None

Heap address: 0x00000000c0000000, size: 1024 MB, Compressed Oops mode: 32-bit

CDS archive(s) mapped at: [0x0000000800000000-0x0000000800bf0000-0x0000000800bf0000), size 12517376, SharedBaseAddress: 0x0000000800000000, ArchiveRelocationMode: 0.
Compressed class space mapped at: 0x0000000800c00000-0x0000000840c00000, reserved size: 1073741824
Narrow klass base: 0x0000000800000000, Narrow klass shift: 3, Narrow klass range: 0x100000000

GC Precious Log:
 CPUs: 4 total, 4 available
 Memory: 8159M
 Large Page Support: Disabled
 NUMA Support: Disabled
 Compressed Oops: Enabled (32-bit)
 Alignments: Space 512K, Generation 512K, Heap 2M
 Heap Min Capacity: 100M
 Heap Initial Capacity: 100M
 Heap Max Capacity: 1G
 Pre-touch: Disabled
 Parallel Workers: 4

Heap:
 PSYoungGen      total 29184K, used 16688K [0x00000000eab00000, 0x00000000ece80000, 0x0000000100000000)
  eden space 25088K, 50% used [0x00000000eab00000,0x00000000eb74db68,0x00000000ec380000)
  from space 4096K, 99% used [0x00000000ec400000,0x00000000ec7fe810,0x00000000ec800000)
  to   space 5632K, 0% used [0x00000000ec900000,0x00000000ec900000,0x00000000ece80000)
 ParOldGen       total 68608K, used 8598K [0x00000000c0000000, 0x00000000c4300000, 0x00000000eab00000)
  object space 68608K, 12% used [0x00000000c0000000,0x00000000c0865ba0,0x00000000c4300000)
 Metaspace       used 26289K, committed 26816K, reserved 1081344K
  class space    used 2511K, committed 2752K, reserved 1048576K

Card table byte_map: [0x0000015dc32a0000,0x0000015dc34b0000] _byte_map_base: 0x0000015dc2ca0000

Marking Bits: (ParMarkBitMap*) 0x00007ffd2b505250
 Begin Bits: [0x0000015ddb2a0000, 0x0000015ddc2a0000)
 End Bits:   [0x0000015ddc2a0000, 0x0000015ddd2a0000)

Polling page: 0x0000015dc1840000

Metaspace:

Usage:
  Non-class:     23.22 MB used.
      Class:      2.45 MB used.
       Both:     25.67 MB used.

Virtual space:
  Non-class space:       32.00 MB reserved,      23.50 MB ( 73%) committed,  4 nodes.
      Class space:        1.00 GB reserved,       2.69 MB ( <1%) committed,  1 nodes.
              Both:        1.03 GB reserved,      26.19 MB (  2%) committed. 

Chunk freelists:
   Non-Class:  3.83 MB
       Class:  1.35 MB
        Both:  5.18 MB

MaxMetaspaceSize: 17179869184.00 GB
CompressedClassSpaceSize: 1.00 GB
 - commit_granule_bytes: 65536.
 - commit_granule_words: 8192.
 - virtual_space_node_default_size: 1048576.
 - enlarge_chunks_in_place: 1.
 - new_chunks_are_fully_committed: 0.
 - uncommit_free_chunks: 1.
 - use_allocation_guard: 0.
 - handle_deallocations: 1.


Internal statistics:

num_allocs_failed_limit: 3.
num_arena_births: 226.
num_arena_deaths: 0.
num_vsnodes_births: 5.
num_vsnodes_deaths: 0.
num_space_committed: 419.
num_space_uncommitted: 0.
num_chunks_returned_to_freelist: 3.
num_chunks_taken_from_freelist: 1146.
num_chunk_merges: 3.
num_chunk_splits: 799.
num_chunks_enlarged: 573.
num_purges: 0.

CodeHeap 'non-profiled nmethods': size=120000Kb used=1122Kb max_used=1122Kb free=118877Kb
 bounds [0x0000015dd3d70000, 0x0000015dd3fe0000, 0x0000015ddb2a0000]
CodeHeap 'profiled nmethods': size=120000Kb used=6077Kb max_used=6077Kb free=113922Kb
 bounds [0x0000015dcc840000, 0x0000015dcce30000, 0x0000015dd3d70000]
CodeHeap 'non-nmethods': size=5760Kb used=1264Kb max_used=1297Kb free=4495Kb
 bounds [0x0000015dcc2a0000, 0x0000015dcc510000, 0x0000015dcc840000]
 total_blobs=3540 nmethods=2964 adapters=489
 compilation: enabled
              stopped_count=0, restarted_count=0
 full_count=0

Compilation events (20 events):
Event: 12.593 Thread 0x0000015ddd3e2030 nmethod 2942 0x0000015dd3e7f190 code [0x0000015dd3e7f4a0, 0x0000015dd3e805e8]
Event: 12.593 Thread 0x0000015ddd3e2030 2965       4       org.eclipse.jdt.internal.core.util.HashtableOfArrayToObject::getKey (66 bytes)
Event: 12.596 Thread 0x0000015ddd3e2a30 2972       3       org.eclipse.jdt.internal.core.JavaModelStatus::getSeverity (60 bytes)
Event: 12.596 Thread 0x0000015ddd3e2a30 nmethod 2972 0x0000015dcce2c110 code [0x0000015dcce2c2e0, 0x0000015dcce2c6c8]
Event: 12.596 Thread 0x0000015ddd3e2a30 2973       3       org.eclipse.jdt.internal.compiler.parser.Scanner::getCurrentIdentifierSource (142 bytes)
Event: 12.597 Thread 0x0000015ddd3e2a30 nmethod 2973 0x0000015dcce2c890 code [0x0000015dcce2cae0, 0x0000015dcce2d278]
Event: 12.597 Thread 0x0000015ddd3e2a30 2974       3       org.eclipse.jdt.core.JavaConventions::scanForRestrictedKeyWords (137 bytes)
Event: 12.597 Thread 0x0000015ddd3e2a30 nmethod 2974 0x0000015dcce2d410 code [0x0000015dcce2d680, 0x0000015dcce2e368]
Event: 12.604 Thread 0x0000015ddd3e2030 nmethod 2965 0x0000015dd3e81990 code [0x0000015dd3e81b40, 0x0000015dd3e82278]
Event: 12.605 Thread 0x0000015ddd3e2030 2964       4       org.eclipse.jdt.internal.core.util.HashtableOfArrayToObject::get (69 bytes)
Event: 12.616 Thread 0x0000015ddd3e2030 nmethod 2964 0x0000015dd3e82790 code [0x0000015dd3e82940, 0x0000015dd3e83038]
Event: 12.617 Thread 0x0000015ddd3e2030 2967   !   4       java.nio.file.FileTreeWalker::next (144 bytes)
Event: 12.627 Thread 0x0000015ddd3e2030 nmethod 2967 0x0000015dd3e83590 code [0x0000015dd3e837a0, 0x0000015dd3e84158]
Event: 12.627 Thread 0x0000015ddd3e2030 2969       4       java.util.stream.SpinedBuffer::accept (94 bytes)
Event: 12.628 Thread 0x0000015ddd3e2030 nmethod 2969 0x0000015dd3e84990 code [0x0000015dd3e84b20, 0x0000015dd3e84c38]
Event: 12.628 Thread 0x0000015ddd3e2030 2970       4       jdk.internal.jrtfs.JrtFileSystem$$Lambda$190/0x0000000800e8f400::apply (16 bytes)
Event: 12.696 Thread 0x0000015ddd3e2030 nmethod 2970 0x0000015dd3e84d10 code [0x0000015dd3e84fe0, 0x0000015dd3e87200]
Event: 12.715 Thread 0x0000015ddd3e2030 2976       4       org.eclipse.jdt.internal.core.JarPackageFragmentRoot::initRawPackageInfo (349 bytes)
Event: 12.787 Thread 0x0000015ddd3e2a30 2981       3       org.eclipse.jdt.internal.core.util.WeakHashSet::cleanupGarbageCollectedValues (147 bytes)
Event: 12.787 Thread 0x0000015ddd3e2a30 nmethod 2981 0x0000015dcce2e690 code [0x0000015dcce2e8a0, 0x0000015dcce2f3c8]

GC Heap History (12 events):
Event: 6.746 GC heap before
{Heap before GC invocations=1 (full 0):
 PSYoungGen      total 29696K, used 25600K [0x00000000eab00000, 0x00000000ecc00000, 0x0000000100000000)
  eden space 25600K, 100% used [0x00000000eab00000,0x00000000ec400000,0x00000000ec400000)
  from space 4096K, 0% used [0x00000000ec800000,0x00000000ec800000,0x00000000ecc00000)
  to   space 4096K, 0% used [0x00000000ec400000,0x00000000ec400000,0x00000000ec800000)
 ParOldGen       total 68608K, used 0K [0x00000000c0000000, 0x00000000c4300000, 0x00000000eab00000)
  object space 68608K, 0% used [0x00000000c0000000,0x00000000c0000000,0x00000000c4300000)
 Metaspace       used 7511K, committed 7680K, reserved 1056768K
  class space    used 702K, committed 768K, reserved 1048576K
}
Event: 6.768 GC heap after
{Heap after GC invocations=1 (full 0):
 PSYoungGen      total 29696K, used 3943K [0x00000000eab00000, 0x00000000ecc00000, 0x0000000100000000)
  eden space 25600K, 0% used [0x00000000eab00000,0x00000000eab00000,0x00000000ec400000)
  from space 4096K, 96% used [0x00000000ec400000,0x00000000ec7d9d60,0x00000000ec800000)
  to   space 4096K, 0% used [0x00000000ec800000,0x00000000ec800000,0x00000000ecc00000)
 ParOldGen       total 68608K, used 0K [0x00000000c0000000, 0x00000000c4300000, 0x00000000eab00000)
  object space 68608K, 0% used [0x00000000c0000000,0x00000000c0000000,0x00000000c4300000)
 Metaspace       used 7511K, committed 7680K, reserved 1056768K
  class space    used 702K, committed 768K, reserved 1048576K
}
Event: 9.396 GC heap before
{Heap before GC invocations=2 (full 0):
 PSYoungGen      total 29696K, used 29543K [0x00000000eab00000, 0x00000000ecc00000, 0x0000000100000000)
  eden space 25600K, 100% used [0x00000000eab00000,0x00000000ec400000,0x00000000ec400000)
  from space 4096K, 96% used [0x00000000ec400000,0x00000000ec7d9d60,0x00000000ec800000)
  to   space 4096K, 0% used [0x00000000ec800000,0x00000000ec800000,0x00000000ecc00000)
 ParOldGen       total 68608K, used 0K [0x00000000c0000000, 0x00000000c4300000, 0x00000000eab00000)
  object space 68608K, 0% used [0x00000000c0000000,0x00000000c0000000,0x00000000c4300000)
 Metaspace       used 18633K, committed 19072K, reserved 1073152K
  class space    used 1669K, committed 1856K, reserved 1048576K
}
Event: 9.405 GC heap after
{Heap after GC invocations=2 (full 0):
 PSYoungGen      total 29696K, used 4087K [0x00000000eab00000, 0x00000000ecc00000, 0x0000000100000000)
  eden space 25600K, 0% used [0x00000000eab00000,0x00000000eab00000,0x00000000ec400000)
  from space 4096K, 99% used [0x00000000ec800000,0x00000000ecbfdcc8,0x00000000ecc00000)
  to   space 4096K, 0% used [0x00000000ec400000,0x00000000ec400000,0x00000000ec800000)
 ParOldGen       total 68608K, used 2588K [0x00000000c0000000, 0x00000000c4300000, 0x00000000eab00000)
  object space 68608K, 3% used [0x00000000c0000000,0x00000000c0287020,0x00000000c4300000)
 Metaspace       used 18633K, committed 19072K, reserved 1073152K
  class space    used 1669K, committed 1856K, reserved 1048576K
}
Event: 11.179 GC heap before
{Heap before GC invocations=3 (full 0):
 PSYoungGen      total 29696K, used 16570K [0x00000000eab00000, 0x00000000ecc00000, 0x0000000100000000)
  eden space 25600K, 48% used [0x00000000eab00000,0x00000000eb730f28,0x00000000ec400000)
  from space 4096K, 99% used [0x00000000ec800000,0x00000000ecbfdcc8,0x00000000ecc00000)
  to   space 4096K, 0% used [0x00000000ec400000,0x00000000ec400000,0x00000000ec800000)
 ParOldGen       total 68608K, used 2588K [0x00000000c0000000, 0x00000000c4300000, 0x00000000eab00000)
  object space 68608K, 3% used [0x00000000c0000000,0x00000000c0287020,0x00000000c4300000)
 Metaspace       used 20862K, committed 21248K, reserved 1073152K
  class space    used 1887K, committed 2048K, reserved 1048576K
}
Event: 11.183 GC heap after
{Heap after GC invocations=3 (full 0):
 PSYoungGen      total 29696K, used 4075K [0x00000000eab00000, 0x00000000ecc00000, 0x0000000100000000)
  eden space 25600K, 0% used [0x00000000eab00000,0x00000000eab00000,0x00000000ec400000)
  from space 4096K, 99% used [0x00000000ec400000,0x00000000ec7fade0,0x00000000ec800000)
  to   space 4096K, 0% used [0x00000000ec800000,0x00000000ec800000,0x00000000ecc00000)
 ParOldGen       total 68608K, used 3554K [0x00000000c0000000, 0x00000000c4300000, 0x00000000eab00000)
  object space 68608K, 5% used [0x00000000c0000000,0x00000000c0378a88,0x00000000c4300000)
 Metaspace       used 20862K, committed 21248K, reserved 1073152K
  class space    used 1887K, committed 2048K, reserved 1048576K
}
Event: 11.183 GC heap before
{Heap before GC invocations=4 (full 1):
 PSYoungGen      total 29696K, used 4075K [0x00000000eab00000, 0x00000000ecc00000, 0x0000000100000000)
  eden space 25600K, 0% used [0x00000000eab00000,0x00000000eab00000,0x00000000ec400000)
  from space 4096K, 99% used [0x00000000ec400000,0x00000000ec7fade0,0x00000000ec800000)
  to   space 4096K, 0% used [0x00000000ec800000,0x00000000ec800000,0x00000000ecc00000)
 ParOldGen       total 68608K, used 3554K [0x00000000c0000000, 0x00000000c4300000, 0x00000000eab00000)
  object space 68608K, 5% used [0x00000000c0000000,0x00000000c0378a88,0x00000000c4300000)
 Metaspace       used 20862K, committed 21248K, reserved 1073152K
  class space    used 1887K, committed 2048K, reserved 1048576K
}
Event: 11.203 GC heap after
{Heap after GC invocations=4 (full 1):
 PSYoungGen      total 29696K, used 0K [0x00000000eab00000, 0x00000000ecc00000, 0x0000000100000000)
  eden space 25600K, 0% used [0x00000000eab00000,0x00000000eab00000,0x00000000ec400000)
  from space 4096K, 0% used [0x00000000ec400000,0x00000000ec400000,0x00000000ec800000)
  to   space 4096K, 0% used [0x00000000ec800000,0x00000000ec800000,0x00000000ecc00000)
 ParOldGen       total 68608K, used 7486K [0x00000000c0000000, 0x00000000c4300000, 0x00000000eab00000)
  object space 68608K, 10% used [0x00000000c0000000,0x00000000c074fba0,0x00000000c4300000)
 Metaspace       used 20862K, committed 21248K, reserved 1073152K
  class space    used 1887K, committed 2048K, reserved 1048576K
}
Event: 11.996 GC heap before
{Heap before GC invocations=5 (full 1):
 PSYoungGen      total 29696K, used 25600K [0x00000000eab00000, 0x00000000ecc00000, 0x0000000100000000)
  eden space 25600K, 100% used [0x00000000eab00000,0x00000000ec400000,0x00000000ec400000)
  from space 4096K, 0% used [0x00000000ec400000,0x00000000ec400000,0x00000000ec800000)
  to   space 4096K, 0% used [0x00000000ec800000,0x00000000ec800000,0x00000000ecc00000)
 ParOldGen       total 68608K, used 7486K [0x00000000c0000000, 0x00000000c4300000, 0x00000000eab00000)
  object space 68608K, 10% used [0x00000000c0000000,0x00000000c074fba0,0x00000000c4300000)
 Metaspace       used 26094K, committed 26624K, reserved 1081344K
  class space    used 2493K, committed 2688K, reserved 1048576K
}
Event: 11.999 GC heap after
{Heap after GC invocations=5 (full 1):
 PSYoungGen      total 29696K, used 3001K [0x00000000eab00000, 0x00000000ecc00000, 0x0000000100000000)
  eden space 25600K, 0% used [0x00000000eab00000,0x00000000eab00000,0x00000000ec400000)
  from space 4096K, 73% used [0x00000000ec800000,0x00000000ecaee400,0x00000000ecc00000)
  to   space 4096K, 0% used [0x00000000ec400000,0x00000000ec400000,0x00000000ec800000)
 ParOldGen       total 68608K, used 7494K [0x00000000c0000000, 0x00000000c4300000, 0x00000000eab00000)
  object space 68608K, 10% used [0x00000000c0000000,0x00000000c0751ba0,0x00000000c4300000)
 Metaspace       used 26094K, committed 26624K, reserved 1081344K
  class space    used 2493K, committed 2688K, reserved 1048576K
}
Event: 12.572 GC heap before
{Heap before GC invocations=6 (full 1):
 PSYoungGen      total 29696K, used 28601K [0x00000000eab00000, 0x00000000ecc00000, 0x0000000100000000)
  eden space 25600K, 100% used [0x00000000eab00000,0x00000000ec400000,0x00000000ec400000)
  from space 4096K, 73% used [0x00000000ec800000,0x00000000ecaee400,0x00000000ecc00000)
  to   space 4096K, 0% used [0x00000000ec400000,0x00000000ec400000,0x00000000ec800000)
 ParOldGen       total 68608K, used 7494K [0x00000000c0000000, 0x00000000c4300000, 0x00000000eab00000)
  object space 68608K, 10% used [0x00000000c0000000,0x00000000c0751ba0,0x00000000c4300000)
 Metaspace       used 26283K, committed 26816K, reserved 1081344K
  class space    used 2511K, committed 2752K, reserved 1048576K
}
Event: 12.576 GC heap after
{Heap after GC invocations=6 (full 1):
 PSYoungGen      total 29184K, used 4090K [0x00000000eab00000, 0x00000000ece80000, 0x0000000100000000)
  eden space 25088K, 0% used [0x00000000eab00000,0x00000000eab00000,0x00000000ec380000)
  from space 4096K, 99% used [0x00000000ec400000,0x00000000ec7fe810,0x00000000ec800000)
  to   space 5632K, 0% used [0x00000000ec900000,0x00000000ec900000,0x00000000ece80000)
 ParOldGen       total 68608K, used 8598K [0x00000000c0000000, 0x00000000c4300000, 0x00000000eab00000)
  object space 68608K, 12% used [0x00000000c0000000,0x00000000c0865ba0,0x00000000c4300000)
 Metaspace       used 26283K, committed 26816K, reserved 1081344K
  class space    used 2511K, committed 2752K, reserved 1048576K
}

Deoptimization events (20 events):
Event: 11.962 Thread 0x0000015ddf238ea0 Uncommon trap: trap_request=0xffffff45 fr.pc=0x0000015dd3dcb9f4 relative=0x0000000000000234
Event: 11.962 Thread 0x0000015ddf238ea0 Uncommon trap: reason=unstable_if action=reinterpret pc=0x0000015dd3dcb9f4 method=java.util.HashMap.getNode(Ljava/lang/Object;)Ljava/util/HashMap$Node; @ 66 c2
Event: 11.962 Thread 0x0000015ddf238ea0 DEOPT PACKING pc=0x0000015dd3dcb9f4 sp=0x0000001402dfded0
Event: 11.962 Thread 0x0000015ddf238ea0 DEOPT UNPACKING pc=0x0000015dcc2ed42e sp=0x0000001402dfde50 mode 2
Event: 12.000 Thread 0x0000015ddf238ea0 Uncommon trap: trap_request=0xffffffc6 fr.pc=0x0000015dd3e4ecfc relative=0x000000000000059c
Event: 12.000 Thread 0x0000015ddf238ea0 Uncommon trap: reason=bimorphic_or_optimized_type_check action=maybe_recompile pc=0x0000015dd3e4ecfc method=jdk.internal.jimage.ImageReader$SharedImageReader.findNode(Ljava/lang/String;)Ljdk/internal/jimage/ImageReader$Node; @ 22 c2
Event: 12.000 Thread 0x0000015ddf238ea0 DEOPT PACKING pc=0x0000015dd3e4ecfc sp=0x0000001402dfd890
Event: 12.000 Thread 0x0000015ddf238ea0 DEOPT UNPACKING pc=0x0000015dcc2ed42e sp=0x0000001402dfd8a8 mode 2
Event: 12.001 Thread 0x0000015ddf238ea0 Uncommon trap: trap_request=0xffffffc6 fr.pc=0x0000015dd3e4ecfc relative=0x000000000000059c
Event: 12.001 Thread 0x0000015ddf238ea0 Uncommon trap: reason=bimorphic_or_optimized_type_check action=maybe_recompile pc=0x0000015dd3e4ecfc method=jdk.internal.jimage.ImageReader$SharedImageReader.findNode(Ljava/lang/String;)Ljdk/internal/jimage/ImageReader$Node; @ 22 c2
Event: 12.001 Thread 0x0000015ddf238ea0 DEOPT PACKING pc=0x0000015dd3e4ecfc sp=0x0000001402dfd890
Event: 12.001 Thread 0x0000015ddf238ea0 DEOPT UNPACKING pc=0x0000015dcc2ed42e sp=0x0000001402dfd8a8 mode 2
Event: 12.002 Thread 0x0000015ddf238ea0 Uncommon trap: trap_request=0xffffffc6 fr.pc=0x0000015dd3e4ecfc relative=0x000000000000059c
Event: 12.002 Thread 0x0000015ddf238ea0 Uncommon trap: reason=bimorphic_or_optimized_type_check action=maybe_recompile pc=0x0000015dd3e4ecfc method=jdk.internal.jimage.ImageReader$SharedImageReader.findNode(Ljava/lang/String;)Ljdk/internal/jimage/ImageReader$Node; @ 22 c2
Event: 12.002 Thread 0x0000015ddf238ea0 DEOPT PACKING pc=0x0000015dd3e4ecfc sp=0x0000001402dfd890
Event: 12.002 Thread 0x0000015ddf238ea0 DEOPT UNPACKING pc=0x0000015dcc2ed42e sp=0x0000001402dfd8a8 mode 2
Event: 12.002 Thread 0x0000015ddf238ea0 Uncommon trap: trap_request=0xffffffc6 fr.pc=0x0000015dd3e4ecfc relative=0x000000000000059c
Event: 12.002 Thread 0x0000015ddf238ea0 Uncommon trap: reason=bimorphic_or_optimized_type_check action=maybe_recompile pc=0x0000015dd3e4ecfc method=jdk.internal.jimage.ImageReader$SharedImageReader.findNode(Ljava/lang/String;)Ljdk/internal/jimage/ImageReader$Node; @ 22 c2
Event: 12.002 Thread 0x0000015ddf238ea0 DEOPT PACKING pc=0x0000015dd3e4ecfc sp=0x0000001402dfd890
Event: 12.002 Thread 0x0000015ddf238ea0 DEOPT UNPACKING pc=0x0000015dcc2ed42e sp=0x0000001402dfd8a8 mode 2

Classes unloaded (0 events):
No events

Classes redefined (0 events):
No events

Internal exceptions (20 events):
Event: 6.681 Thread 0x0000015ddf6299c0 Exception <a 'java/lang/NoSuchMethodError'{0x00000000ec2df378}: 'java.lang.Object java.lang.invoke.Invokers$Holder.linkToTargetMethod(java.lang.Object, java.lang.Object, java.lang.Object, int, java.lang.Object)'> (0x00000000ec2df378) 
thrown [e:\jenkins\tmp\workspace\build\src\src\hotspot\share\interpreter\linkResolver.cpp, line 790]
Event: 7.022 Thread 0x0000015ddf6299c0 Exception <a 'java/io/FileNotFoundException'{0x00000000eaf2b9d0}> (0x00000000eaf2b9d0) 
thrown [e:\jenkins\tmp\workspace\build\src\src\hotspot\share\prims\jni.cpp, line 579]
Event: 7.445 Thread 0x0000015ddf6299c0 Exception <a 'java/lang/NoSuchMethodError'{0x00000000eb38dde8}: 'void java.lang.invoke.DirectMethodHandle$Holder.invokeInterface(java.lang.Object, java.lang.Object, java.lang.Object)'> (0x00000000eb38dde8) 
thrown [e:\jenkins\tmp\workspace\build\src\src\hotspot\share\interpreter\linkResolver.cpp, line 790]
Event: 7.704 Thread 0x0000015ddf6299c0 Exception <a 'java/io/FileNotFoundException'{0x00000000eb5734f8}> (0x00000000eb5734f8) 
thrown [e:\jenkins\tmp\workspace\build\src\src\hotspot\share\prims\jni.cpp, line 579]
Event: 8.333 Thread 0x0000015ddf6299c0 Exception <a 'java/lang/NoSuchMethodError'{0x00000000eb871950}: 'int java.lang.invoke.DirectMethodHandle$Holder.invokeStaticInit(java.lang.Object, java.lang.Object, java.lang.Object)'> (0x00000000eb871950) 
thrown [e:\jenkins\tmp\workspace\build\src\src\hotspot\share\interpreter\linkResolver.cpp, line 790]
Event: 8.346 Thread 0x0000015ddf6299c0 Exception <a 'java/lang/IncompatibleClassChangeError'{0x00000000eb8a7a68}: Found class java.lang.Object, but interface was expected> (0x00000000eb8a7a68) 
thrown [e:\jenkins\tmp\workspace\build\src\src\hotspot\share\interpreter\linkResolver.cpp, line 857]
Event: 9.679 Thread 0x0000015ddf6299c0 Exception <a 'java/lang/ClassNotFoundException'{0x00000000eb3914d0}: com/sun/org/apache/xerces/internal/impl/msg/spi/DOMMessagesProvider> (0x00000000eb3914d0) 
thrown [e:\jenkins\tmp\workspace\build\src\src\hotspot\share\classfile\systemDictionary.cpp, line 256]
Event: 9.715 Thread 0x0000015ddf6299c0 Exception <a 'java/lang/ClassNotFoundException'{0x00000000eb3a6648}: com/sun/org/apache/xerces/internal/impl/msg/spi/XMLSerializerMessagesProvider> (0x00000000eb3a6648) 
thrown [e:\jenkins\tmp\workspace\build\src\src\hotspot\share\classfile\systemDictionary.cpp, line 256]
Event: 9.737 Thread 0x0000015ddf6299c0 Exception <a 'java/lang/ClassNotFoundException'{0x00000000eb3b1b90}: com/sun/org/apache/xerces/internal/impl/msg/spi/XMLMessagesProvider> (0x00000000eb3b1b90) 
thrown [e:\jenkins\tmp\workspace\build\src\src\hotspot\share\classfile\systemDictionary.cpp, line 256]
Event: 11.077 Thread 0x0000015ddf6299c0 Implicit null exception at 0x0000015dd3e0c67c to 0x0000015dd3e0d2f0
Event: 11.116 Thread 0x0000015ddf6299c0 Exception <a 'java/lang/ClassNotFoundException'{0x00000000eb68ff18}: com/sun/org/apache/xml/internal/serializer/spi/XMLEntitiesProvider> (0x00000000eb68ff18) 
thrown [e:\jenkins\tmp\workspace\build\src\src\hotspot\share\classfile\systemDictionary.cpp, line 256]
Event: 11.278 Thread 0x0000015ddf6299c0 Exception <a 'java/io/FileNotFoundException'{0x00000000eace4cc8}> (0x00000000eace4cc8) 
thrown [e:\jenkins\tmp\workspace\build\src\src\hotspot\share\prims\jni.cpp, line 579]
Event: 11.303 Thread 0x0000015ddf6299c0 Exception <a 'java/io/FileNotFoundException'{0x00000000ead1e620}> (0x00000000ead1e620) 
thrown [e:\jenkins\tmp\workspace\build\src\src\hotspot\share\prims\jni.cpp, line 579]
Event: 11.316 Thread 0x0000015ddf6299c0 Exception <a 'java/io/FileNotFoundException'{0x00000000ead48ae0}> (0x00000000ead48ae0) 
thrown [e:\jenkins\tmp\workspace\build\src\src\hotspot\share\prims\jni.cpp, line 579]
Event: 11.503 Thread 0x0000015dc38dd520 Exception <a 'java/lang/NoSuchMethodError'{0x00000000eb180f40}: 'java.lang.Object java.lang.invoke.DirectMethodHandle$Holder.newInvokeSpecial(java.lang.Object, java.lang.Object, java.lang.Object, java.lang.Object, java.lang.Object)'> (0x00000000eb180f40) 
thrown [e:\jenkins\tmp\workspace\build\src\src\hotspot\share\interpreter\linkResolver.cpp, line 790]
Event: 11.608 Thread 0x0000015ddf237960 Exception <a 'java/io/FileNotFoundException'{0x00000000eb3ba348}> (0x00000000eb3ba348) 
thrown [e:\jenkins\tmp\workspace\build\src\src\hotspot\share\prims\jni.cpp, line 579]
Event: 11.758 Thread 0x0000015ddf238ea0 Exception <a 'java/lang/NoSuchMethodError'{0x00000000eb7e5270}: 'java.lang.Object java.lang.invoke.Invokers$Holder.invoke_MT(java.lang.Object, java.lang.Object, java.lang.Object)'> (0x00000000eb7e5270) 
thrown [e:\jenkins\tmp\workspace\build\src\src\hotspot\share\interpreter\linkResolver.cpp, line 790]
Event: 12.106 Thread 0x0000015ddf238ea0 Exception <a 'java/io/FileNotFoundException'{0x00000000eb631298}> (0x00000000eb631298) 
thrown [e:\jenkins\tmp\workspace\build\src\src\hotspot\share\prims\jni.cpp, line 579]
Event: 12.106 Thread 0x0000015ddf238ea0 Exception <a 'java/io/FileNotFoundException'{0x00000000eb632e30}> (0x00000000eb632e30) 
thrown [e:\jenkins\tmp\workspace\build\src\src\hotspot\share\prims\jni.cpp, line 579]
Event: 12.108 Thread 0x0000015ddf238ea0 Exception <a 'java/lang/NoSuchMethodError'{0x00000000eb63ad80}: 'void java.lang.invoke.DirectMethodHandle$Holder.invokeStaticInit(java.lang.Object, java.lang.Object, java.lang.Object)'> (0x00000000eb63ad80) 
thrown [e:\jenkins\tmp\workspace\build\src\src\hotspot\share\interpreter\linkResolver.cpp, line 790]

Events (20 events):
Event: 11.822 loading class java/nio/file/Files$3 done
Event: 11.822 loading class java/nio/file/FileVisitResult
Event: 11.822 loading class java/nio/file/FileVisitResult done
Event: 11.823 Executing  VM operation: ICBufferFull
Event: 11.823 Executing  VM operation: ICBufferFull done
Event: 11.938 loading class java/nio/channels/Channels
Event: 11.941 loading class java/nio/channels/Channels done
Event: 11.941 loading class java/nio/channels/Channels$ReadableByteChannelImpl
Event: 11.942 loading class java/nio/channels/Channels$ReadableByteChannelImpl done
Event: 11.942 loading class java/nio/channels/NonWritableChannelException
Event: 11.942 loading class java/nio/channels/NonWritableChannelException done
Event: 11.942 loading class sun/nio/ch/ChannelInputStream
Event: 11.942 loading class sun/nio/ch/ChannelInputStream done
Event: 11.943 loading class java/nio/channels/SelectableChannel
Event: 11.943 loading class java/nio/channels/SelectableChannel done
Event: 11.996 Executing  VM operation: ParallelGCFailedAllocation
Event: 11.999 Executing  VM operation: ParallelGCFailedAllocation done
Event: 12.203 Thread 0x0000015ddf7012a0 Thread exited: 0x0000015ddf7012a0
Event: 12.572 Executing  VM operation: ParallelGCFailedAllocation
Event: 12.576 Executing  VM operation: ParallelGCFailedAllocation done


Dynamic libraries:
0x00007ff641f50000 - 0x00007ff641f5e000 	C:\Program Files\Eclipse Foundation\jdk-16.0.2.7-hotspot\bin\java.exe
0x00007ffdb8530000 - 0x00007ffdb8725000 	C:\WINDOWS\SYSTEM32\ntdll.dll
0x00007ffdb8140000 - 0x00007ffdb81fd000 	C:\WINDOWS\System32\KERNEL32.DLL
0x00007ffdb6090000 - 0x00007ffdb6359000 	C:\WINDOWS\System32\KERNELBASE.dll
0x00007ffdb6460000 - 0x00007ffdb6560000 	C:\WINDOWS\System32\ucrtbase.dll
0x00007ffda58e0000 - 0x00007ffda58f8000 	C:\Program Files\Eclipse Foundation\jdk-16.0.2.7-hotspot\bin\jli.dll
0x00007ffdb7cb0000 - 0x00007ffdb7e50000 	C:\WINDOWS\System32\USER32.dll
0x00007ffdb5f50000 - 0x00007ffdb5f72000 	C:\WINDOWS\System32\win32u.dll
0x00007ffdb80d0000 - 0x00007ffdb80fa000 	C:\WINDOWS\System32\GDI32.dll
0x00007ffdb5f80000 - 0x00007ffdb608b000 	C:\WINDOWS\System32\gdi32full.dll
0x00007ffdb6360000 - 0x00007ffdb63fd000 	C:\WINDOWS\System32\msvcp_win.dll
0x00007ffda2070000 - 0x00007ffda230a000 	C:\WINDOWS\WinSxS\amd64_microsoft.windows.common-controls_6595b64144ccf1df_6.0.19041.1110_none_60b5254171f9507e\COMCTL32.dll
0x00007ffdb6b70000 - 0x00007ffdb6c0e000 	C:\WINDOWS\System32\msvcrt.dll
0x00007ffda56d0000 - 0x00007ffda56e9000 	C:\Program Files\Eclipse Foundation\jdk-16.0.2.7-hotspot\bin\VCRUNTIME140.dll
0x00007ffdb8100000 - 0x00007ffdb8130000 	C:\WINDOWS\System32\IMM32.DLL
0x00007ffda7bf0000 - 0x00007ffda7bfc000 	C:\Program Files\Eclipse Foundation\jdk-16.0.2.7-hotspot\bin\vcruntime140_1.dll
0x00007ffd43d60000 - 0x00007ffd43df1000 	C:\Program Files\Eclipse Foundation\jdk-16.0.2.7-hotspot\bin\msvcp140.dll
0x00007ffd2a990000 - 0x00007ffd2b5c7000 	C:\Program Files\Eclipse Foundation\jdk-16.0.2.7-hotspot\bin\server\jvm.dll
0x00007ffdb6640000 - 0x00007ffdb66ec000 	C:\WINDOWS\System32\ADVAPI32.dll
0x00007ffdb7720000 - 0x00007ffdb77bb000 	C:\WINDOWS\System32\sechost.dll
0x00007ffdb7b80000 - 0x00007ffdb7caa000 	C:\WINDOWS\System32\RPCRT4.dll
0x00007ffdb76b0000 - 0x00007ffdb76b8000 	C:\WINDOWS\System32\PSAPI.DLL
0x00007ffda7410000 - 0x00007ffda7419000 	C:\WINDOWS\SYSTEM32\WSOCK32.dll
0x00007ffdb7f30000 - 0x00007ffdb7f9b000 	C:\WINDOWS\System32\WS2_32.dll
0x00007ffdaded0000 - 0x00007ffdadef7000 	C:\WINDOWS\SYSTEM32\WINMM.dll
0x00007ffdb0b00000 - 0x00007ffdb0b0a000 	C:\WINDOWS\SYSTEM32\VERSION.dll
0x00007ffdb3b90000 - 0x00007ffdb3ba2000 	C:\WINDOWS\SYSTEM32\kernel.appcore.dll
0x00007ffda6f50000 - 0x00007ffda6f5a000 	C:\Program Files\Eclipse Foundation\jdk-16.0.2.7-hotspot\bin\jimage.dll
0x00007ffdaf840000 - 0x00007ffdafa24000 	C:\WINDOWS\SYSTEM32\DBGHELP.DLL
0x00007ffd9f450000 - 0x00007ffd9f47c000 	C:\WINDOWS\SYSTEM32\dbgcore.DLL
0x00007ffdb5ec0000 - 0x00007ffdb5f43000 	C:\WINDOWS\System32\bcryptPrimitives.dll
0x00007ffd9b640000 - 0x00007ffd9b665000 	C:\Program Files\Eclipse Foundation\jdk-16.0.2.7-hotspot\bin\java.dll
0x00007ffdb6f70000 - 0x00007ffdb76af000 	C:\WINDOWS\System32\SHELL32.dll
0x00007ffdb3d90000 - 0x00007ffdb4520000 	C:\WINDOWS\SYSTEM32\windows.storage.dll
0x00007ffdb6c10000 - 0x00007ffdb6f65000 	C:\WINDOWS\System32\combase.dll
0x00007ffdb5650000 - 0x00007ffdb567c000 	C:\WINDOWS\SYSTEM32\Wldp.dll
0x00007ffdb6590000 - 0x00007ffdb663e000 	C:\WINDOWS\System32\SHCORE.dll
0x00007ffdb76c0000 - 0x00007ffdb7715000 	C:\WINDOWS\System32\shlwapi.dll
0x00007ffdb5ba0000 - 0x00007ffdb5bbf000 	C:\WINDOWS\SYSTEM32\profapi.dll
0x00007ffda0690000 - 0x00007ffda06a9000 	C:\Program Files\Eclipse Foundation\jdk-16.0.2.7-hotspot\bin\net.dll
0x00007ffdb09f0000 - 0x00007ffdb0af8000 	C:\WINDOWS\SYSTEM32\WINHTTP.dll
0x00007ffdb5350000 - 0x00007ffdb53ba000 	C:\WINDOWS\system32\mswsock.dll
0x00007ffd9d010000 - 0x00007ffd9d023000 	C:\Program Files\Eclipse Foundation\jdk-16.0.2.7-hotspot\bin\nio.dll
0x00007ffd9bb90000 - 0x00007ffd9bba8000 	C:\Program Files\Eclipse Foundation\jdk-16.0.2.7-hotspot\bin\zip.dll
0x00007ffdb5550000 - 0x00007ffdb5568000 	C:\WINDOWS\SYSTEM32\CRYPTSP.dll
0x00007ffdb4cd0000 - 0x00007ffdb4d04000 	C:\WINDOWS\system32\rsaenh.dll
0x00007ffdb6560000 - 0x00007ffdb6587000 	C:\WINDOWS\System32\bcrypt.dll
0x00007ffdb5b60000 - 0x00007ffdb5b8e000 	C:\WINDOWS\SYSTEM32\USERENV.dll
0x00007ffdb5540000 - 0x00007ffdb554c000 	C:\WINDOWS\SYSTEM32\CRYPTBASE.dll
0x00007ffdb5040000 - 0x00007ffdb507b000 	C:\WINDOWS\SYSTEM32\IPHLPAPI.DLL
0x00007ffdb7f20000 - 0x00007ffdb7f28000 	C:\WINDOWS\System32\NSI.dll
0x00007ffdb0b10000 - 0x00007ffdb0b27000 	C:\WINDOWS\SYSTEM32\dhcpcsvc6.DLL
0x00007ffdaf660000 - 0x00007ffdaf67d000 	C:\WINDOWS\SYSTEM32\dhcpcsvc.DLL
0x00007ffdb5080000 - 0x00007ffdb514c000 	C:\WINDOWS\SYSTEM32\DNSAPI.dll
0x00007ffd90450000 - 0x00007ffd9048e000 	C:\Users\George\AppData\Roaming\Code\User\globalStorage\redhat.java\0.81.0\config_ss_win\org.eclipse.equinox.launcher\org.eclipse.equinox.launcher.win32.win32.x86_64_1.2.300.v20210622-1446\eclipse_11503.dll
0x00007ffda5730000 - 0x00007ffda5740000 	C:\Program Files\Eclipse Foundation\jdk-16.0.2.7-hotspot\bin\verify.dll
0x00007ffd99d70000 - 0x00007ffd99d81000 	C:\Users\George\AppData\Roaming\Code\User\globalStorage\redhat.java\0.81.0\config_ss_win\org.eclipse.osgi\16\0\.cp\jWinHttp-1.0.0.dll
0x00007ffdb7fa0000 - 0x00007ffdb80ca000 	C:\WINDOWS\System32\ole32.dll

dbghelp: loaded successfully - version: 4.0.5 - missing functions: none
symbol engine: initialized successfully - sym options: 0x614 - pdb path: .;C:\Program Files\Eclipse Foundation\jdk-16.0.2.7-hotspot\bin;C:\WINDOWS\SYSTEM32;C:\WINDOWS\WinSxS\amd64_microsoft.windows.common-controls_6595b64144ccf1df_6.0.19041.1110_none_60b5254171f9507e;C:\Program Files\Eclipse Foundation\jdk-16.0.2.7-hotspot\bin\server;C:\Users\George\AppData\Roaming\Code\User\globalStorage\redhat.java\0.81.0\config_ss_win\org.eclipse.equinox.launcher\org.eclipse.equinox.launcher.win32.win32.x86_64_1.2.300.v20210622-1446;C:\Users\George\AppData\Roaming\Code\User\globalStorage\redhat.java\0.81.0\config_ss_win\org.eclipse.osgi\16\0\.cp

VM Arguments:
jvm_args: --add-modules=ALL-SYSTEM --add-opens=java.base/java.util=ALL-UNNAMED --add-opens=java.base/java.lang=ALL-UNNAMED -Declipse.application=org.eclipse.jdt.ls.core.id1 -Dosgi.bundles.defaultStartLevel=4 -Declipse.product=org.eclipse.jdt.ls.core.product -Dfile.encoding=utf8 -DwatchParentProcess=false -XX:+UseParallelGC -XX:GCTimeRatio=4 -XX:AdaptiveSizePolicyWeight=90 -Dsun.zip.disableMemoryMapping=true -Xmx1G -Xms100m 
java_command: c:\Users\George\.vscode\extensions\redhat.java-0.81.0\server\plugins\org.eclipse.equinox.launcher_1.6.200.v20210416-2027.jar -configuration c:\Users\George\AppData\Roaming\Code\User\globalStorage\redhat.java\0.81.0\config_ss_win -data c:\Users\George\AppData\Roaming\Code\User\workspaceStorage\0c114361161fcf431a097364f6f69c26\redhat.java\ss_ws
java_class_path (initial): c:\Users\George\.vscode\extensions\redhat.java-0.81.0\server\plugins\org.eclipse.equinox.launcher_1.6.200.v20210416-2027.jar
Launcher Type: SUN_STANDARD

[Global flags]
    uintx AdaptiveSizePolicyWeight                 = 90                                        {product} {command line}
     intx CICompilerCount                          = 3                                         {product} {ergonomic}
    uintx GCTimeRatio                              = 4                                         {product} {command line}
   size_t InitialHeapSize                          = 104857600                                 {product} {command line}
   size_t MaxHeapSize                              = 1073741824                                {product} {command line}
   size_t MaxNewSize                               = 357564416                                 {product} {ergonomic}
   size_t MinHeapDeltaBytes                        = 524288                                    {product} {ergonomic}
   size_t MinHeapSize                              = 104857600                                 {product} {command line}
   size_t NewSize                                  = 34603008                                  {product} {ergonomic}
    uintx NonNMethodCodeHeapSize                   = 5832780                                {pd product} {ergonomic}
    uintx NonProfiledCodeHeapSize                  = 122912730                              {pd product} {ergonomic}
   size_t OldSize                                  = 70254592                                  {product} {ergonomic}
    uintx ProfiledCodeHeapSize                     = 122912730                              {pd product} {ergonomic}
    uintx ReservedCodeCacheSize                    = 251658240                              {pd product} {ergonomic}
     bool SegmentedCodeCache                       = true                                      {product} {ergonomic}
   size_t SoftMaxHeapSize                          = 1073741824                             {manageable} {ergonomic}
     bool UseCompressedClassPointers               = true                           {product lp64_product} {ergonomic}
     bool UseCompressedOops                        = true                           {product lp64_product} {ergonomic}
     bool UseLargePagesIndividualAllocation        = false                                  {pd product} {ergonomic}
     bool UseParallelGC                            = true                                      {product} {command line}

Logging:
Log output configuration:
 #0: stdout all=warning uptime,level,tags
 #1: stderr all=off uptime,level,tags

Environment Variables:
PATH=C:\Program Files\Eclipse Foundation\jdk-16.0.2.7-hotspot\bin;C:\Program Files (x86)\NVIDIA Corporation\PhysX\Common;C:\Program Files (x86)\Common Files\Oracle\Java\javapath;C:\Program Files (x86)\Common Files\Intel\Shared Libraries\redist\intel64\compiler;C:\WINDOWS\system32;C:\WINDOWS;C:\WINDOWS\System32\Wbem;C:\WINDOWS\System32\WindowsPowerShell\v1.0\;C:\Program Files (x86)\Mikero\DePboTools\bin;C:\WINDOWS\System32\OpenSSH\;C:\Program Files (x86)\Microsoft SQL Server\110\Tools\Binn\;C:\Program Files (x86)\Microsoft SQL Server\110\DTS\Binn\;C:\Program Files (x86)\AMD\ATI.ACE\Core-Static;C:\Users\George\AppData\Local\Microsoft\WindowsApps;C:\Program Files (x86)\Mikero\DePboTools\bin;C:\Users\George\AppData\Local\Programs\Microsoft VS Code\bin;C:\Users\George\AppData\Local\GitHubDesktop\bin
USERNAME=George
OS=Windows_NT
PROCESSOR_IDENTIFIER=Intel64 Family 6 Model 58 Stepping 9, GenuineIntel



---------------  S Y S T E M  ---------------

OS:
 Windows 10 , 64 bit Build 19041 (10.0.19041.1151)
OS uptime: 0 days 12:20 hours

CPU: total 4 (initial active 4) (4 cores per cpu, 1 threads per core) family 6 model 58 stepping 9 microcode 0x21, cx8, cmov, fxsr, mmx, sse, sse2, sse3, ssse3, sse4.1, sse4.2, popcnt, tsc, tscinvbit, avx, aes, erms, clmul, vzeroupper, clflush

Memory: 4k page, system-wide physical 8159M (272M free)
TotalPageFile size 12905M (AvailPageFile size 4M)
current process WorkingSet (physical memory assigned to process): 134M, peak: 135M
current process commit charge ("private bytes"): 233M, peak: 234M

vm_info: OpenJDK 64-Bit Server VM (16.0.2+7) for windows-amd64 JRE (16.0.2+7), built on Jul 22 2021 15:19:09 by "" with MS VC++ 16.7 (VS2019)

END.
