#
# There is insufficient memory for the Java Runtime Environment to continue.
# Native memory allocation (malloc) failed to allocate 3142144 bytes for Chunk::new
# Possible reasons:
#   The system is out of physical RAM or swap space
#   The process is running with CompressedOops enabled, and the Java Heap may be blocking the growth of the native heap
# Possible solutions:
#   Reduce memory load on the system
#   Increase physical memory or swap space
#   Check if swap backing store is full
#   Decrease Java heap size (-Xmx/-Xms)
#   Decrease number of Java threads
#   Decrease Java thread stack sizes (-Xss)
#   Set larger code cache with -XX:ReservedCodeCacheSize=
#   JVM is running with Unscaled Compressed Oops mode in which the Java heap is
#     placed in the first 4GB address space. The Java Heap base address is the
#     maximum limit for the native heap growth. Please use -XX:HeapBaseMinAddress
#     to set the Java Heap base and to place the Java Heap above 4GB virtual address.
# This output file may be truncated or incomplete.
#
#  Out of Memory Error (arena.cpp:195), pid=18956, tid=18968
#
# JRE version: OpenJDK Runtime Environment Temurin-16.0.2+7 (16.0.2+7) (build 16.0.2+7)
# Java VM: OpenJDK 64-Bit Server VM Temurin-16.0.2+7 (16.0.2+7, mixed mode, sharing, tiered, compressed oops, compressed class ptrs, parallel gc, windows-amd64)
# No core dump will be written. Minidumps are not enabled by default on client versions of Windows
#

---------------  S U M M A R Y ------------

Command Line: --add-modules=ALL-SYSTEM --add-opens=java.base/java.util=ALL-UNNAMED --add-opens=java.base/java.lang=ALL-UNNAMED -Declipse.application=org.eclipse.jdt.ls.core.id1 -Dosgi.bundles.defaultStartLevel=4 -Declipse.product=org.eclipse.jdt.ls.core.product -Dfile.encoding=utf8 -DwatchParentProcess=false -XX:+UseParallelGC -XX:GCTimeRatio=4 -XX:AdaptiveSizePolicyWeight=90 -Dsun.zip.disableMemoryMapping=true -Xmx1G -Xms100m c:\Users\George\.vscode\extensions\redhat.java-0.81.0\server\plugins\org.eclipse.equinox.launcher_1.6.200.v20210416-2027.jar -configuration c:\Users\George\AppData\Roaming\Code\User\globalStorage\redhat.java\0.81.0\config_win -data c:\Users\George\AppData\Roaming\Code\User\workspaceStorage\0c114361161fcf431a097364f6f69c26\redhat.java\jdt_ws

Host: Intel(R) Core(TM) i5-3470 CPU @ 3.20GHz, 4 cores, 7G,  Windows 10 , 64 bit Build 19041 (10.0.19041.1151)
Time: Sun Sep  5 00:24:05 2021 AUS Eastern Standard Time elapsed time: 11.987109 seconds (0d 0h 0m 11s)

---------------  T H R E A D  ---------------

Current thread (0x000001ea52db1a60):  JavaThread "C2 CompilerThread0" daemon [_thread_in_native, id=18968, stack(0x000000ccad000000,0x000000ccad100000)]


Current CompileTask:
C2:  11987 2997   !   4       org.eclipse.osgi.internal.loader.classpath.ClasspathManager::findLocalClass (210 bytes)

Stack: [0x000000ccad000000,0x000000ccad100000]
Native frames: (J=compiled Java code, j=interpreted, Vv=VM code, C=native code)
V  [jvm.dll+0x67918a]
V  [jvm.dll+0x82b819]
V  [jvm.dll+0x82cfce]
V  [jvm.dll+0x82d623]
V  [jvm.dll+0x24ec65]
V  [jvm.dll+0xb73aa]
V  [jvm.dll+0xb794c]
V  [jvm.dll+0x367f17]
V  [jvm.dll+0x1c3781]
V  [jvm.dll+0x220376]
V  [jvm.dll+0x21f660]
V  [jvm.dll+0x1ac3ab]
V  [jvm.dll+0x22f7d8]
V  [jvm.dll+0x22d81c]
V  [jvm.dll+0x7e0c42]
V  [jvm.dll+0x7da77a]
V  [jvm.dll+0x677fb6]
C  [ucrtbase.dll+0x21bb2]
C  [KERNEL32.DLL+0x17034]
C  [ntdll.dll+0x52651]


---------------  P R O C E S S  ---------------

Threads class SMR info:
_java_thread_list=0x000001ea5539c3d0, length=23, elements={
0x000001ea392b03f0, 0x000001ea3938d1f0, 0x000001ea52d98fe0, 0x000001ea52daac20,
0x000001ea52dab730, 0x000001ea52dac240, 0x000001ea52daed60, 0x000001ea52db1a60,
0x000001ea52db2d40, 0x000001ea52dca520, 0x000001ea5483a020, 0x000001ea548f9c90,
0x000001ea550d4120, 0x000001ea54bfcca0, 0x000001ea54bfd1c0, 0x000001ea5511c170,
0x000001ea5520e5a0, 0x000001ea5520d060, 0x000001ea5520f040, 0x000001ea5520c5c0,
0x000001ea5520cb10, 0x000001ea5520db00, 0x000001ea5520e050
}

Java Threads: ( => current thread )
  0x000001ea392b03f0 JavaThread "main" [_thread_blocked, id=11236, stack(0x000000ccac700000,0x000000ccac800000)]
  0x000001ea3938d1f0 JavaThread "Reference Handler" daemon [_thread_blocked, id=19212, stack(0x000000ccaca00000,0x000000ccacb00000)]
  0x000001ea52d98fe0 JavaThread "Finalizer" daemon [_thread_blocked, id=15832, stack(0x000000ccacb00000,0x000000ccacc00000)]
  0x000001ea52daac20 JavaThread "Signal Dispatcher" daemon [_thread_blocked, id=18952, stack(0x000000ccacc00000,0x000000ccacd00000)]
  0x000001ea52dab730 JavaThread "Attach Listener" daemon [_thread_blocked, id=14044, stack(0x000000ccacd00000,0x000000ccace00000)]
  0x000001ea52dac240 JavaThread "Service Thread" daemon [_thread_blocked, id=7516, stack(0x000000ccace00000,0x000000ccacf00000)]
  0x000001ea52daed60 JavaThread "Monitor Deflation Thread" daemon [_thread_blocked, id=16144, stack(0x000000ccacf00000,0x000000ccad000000)]
=>0x000001ea52db1a60 JavaThread "C2 CompilerThread0" daemon [_thread_in_native, id=18968, stack(0x000000ccad000000,0x000000ccad100000)]
  0x000001ea52db2d40 JavaThread "C1 CompilerThread0" daemon [_thread_blocked, id=18976, stack(0x000000ccad100000,0x000000ccad200000)]
  0x000001ea52dca520 JavaThread "Sweeper thread" daemon [_thread_blocked, id=19428, stack(0x000000ccad200000,0x000000ccad300000)]
  0x000001ea5483a020 JavaThread "Common-Cleaner" daemon [_thread_blocked, id=19468, stack(0x000000ccad300000,0x000000ccad400000)]
  0x000001ea548f9c90 JavaThread "Notification Thread" daemon [_thread_blocked, id=19484, stack(0x000000ccad400000,0x000000ccad500000)]
  0x000001ea550d4120 JavaThread "Active Thread: Equinox Container: da879eb6-0232-42f8-bb85-bebdff946c56" [_thread_blocked, id=19588, stack(0x000000ccad600000,0x000000ccad700000)]
  0x000001ea54bfcca0 JavaThread "Framework Event Dispatcher: Equinox Container: da879eb6-0232-42f8-bb85-bebdff946c56" daemon [_thread_blocked, id=19600, stack(0x000000ccad700000,0x000000ccad800000)]
  0x000001ea54bfd1c0 JavaThread "Start Level: Equinox Container: da879eb6-0232-42f8-bb85-bebdff946c56" daemon [_thread_blocked, id=19604, stack(0x000000ccad800000,0x000000ccad900000)]
  0x000001ea5511c170 JavaThread "SCR Component Actor" daemon [_thread_blocked, id=19632, stack(0x000000ccadc00000,0x000000ccadd00000)]
  0x000001ea5520e5a0 JavaThread "Worker-JM" [_thread_blocked, id=19672, stack(0x000000ccade00000,0x000000ccadf00000)]
  0x000001ea5520d060 JavaThread "Worker-0" [_thread_blocked, id=19724, stack(0x000000ccadf00000,0x000000ccae000000)]
  0x000001ea5520f040 JavaThread "Worker-1: Register Watchers" [_thread_in_native, id=19772, stack(0x000000ccae000000,0x000000ccae100000)]
  0x000001ea5520c5c0 JavaThread "Worker-2: Loading available Gradle versions" [_thread_in_Java, id=19800, stack(0x000000ccae100000,0x000000ccae200000)]
  0x000001ea5520cb10 JavaThread "Java indexing" daemon [_thread_blocked, id=19896, stack(0x000000ccae200000,0x000000ccae300000)]
  0x000001ea5520db00 JavaThread "logback configurator timer" daemon [_thread_blocked, id=20020, stack(0x000000ccae300000,0x000000ccae400000)]
  0x000001ea5520e050 JavaThread "pool-2-thread-1" [_thread_blocked, id=20028, stack(0x000000ccae400000,0x000000ccae500000)]

Other Threads:
  0x000001ea39387c40 VMThread "VM Thread" [stack: 0x000000ccac900000,0x000000ccaca00000] [id=16516]
  0x000001ea548fa1b0 WatcherThread [stack: 0x000000ccad500000,0x000000ccad600000] [id=19488]
  0x000001ea392c69b0 GCTaskThread "GC Thread#0" [stack: 0x000000ccac800000,0x000000ccac900000] [id=18944]
  0x000001ea549f5f30 GCTaskThread "GC Thread#1" [stack: 0x000000ccad900000,0x000000ccada00000] [id=19608]
  0x000001ea54f75a40 GCTaskThread "GC Thread#2" [stack: 0x000000ccada00000,0x000000ccadb00000] [id=19612]
  0x000001ea54f75d50 GCTaskThread "GC Thread#3" [stack: 0x000000ccadb00000,0x000000ccadc00000] [id=19616]

Threads with active compile tasks:
C2 CompilerThread0    12015 2997   !   4       org.eclipse.osgi.internal.loader.classpath.ClasspathManager::findLocalClass (210 bytes)

VM state: not at safepoint (normal execution)

VM Mutex/Monitor currently owned by a thread: None

Heap address: 0x00000000c0000000, size: 1024 MB, Compressed Oops mode: 32-bit

CDS archive(s) mapped at: [0x0000000800000000-0x0000000800bf0000-0x0000000800bf0000), size 12517376, SharedBaseAddress: 0x0000000800000000, ArchiveRelocationMode: 0.
Compressed class space mapped at: 0x0000000800c00000-0x0000000840c00000, reserved size: 1073741824
Narrow klass base: 0x0000000800000000, Narrow klass shift: 3, Narrow klass range: 0x100000000

GC Precious Log:
 CPUs: 4 total, 4 available
 Memory: 8159M
 Large Page Support: Disabled
 NUMA Support: Disabled
 Compressed Oops: Enabled (32-bit)
 Alignments: Space 512K, Generation 512K, Heap 2M
 Heap Min Capacity: 100M
 Heap Initial Capacity: 100M
 Heap Max Capacity: 1G
 Pre-touch: Disabled
 Parallel Workers: 4

Heap:
 PSYoungGen      total 29696K, used 16756K [0x00000000eab00000, 0x00000000ecc00000, 0x0000000100000000)
  eden space 25600K, 50% used [0x00000000eab00000,0x00000000eb7aebf0,0x00000000ec400000)
  from space 4096K, 92% used [0x00000000ec800000,0x00000000ecbae730,0x00000000ecc00000)
  to   space 4096K, 0% used [0x00000000ec400000,0x00000000ec400000,0x00000000ec800000)
 ParOldGen       total 68608K, used 8623K [0x00000000c0000000, 0x00000000c4300000, 0x00000000eab00000)
  object space 68608K, 12% used [0x00000000c0000000,0x00000000c086bd00,0x00000000c4300000)
 Metaspace       used 31391K, committed 32064K, reserved 1081344K
  class space    used 3165K, committed 3456K, reserved 1048576K

Card table byte_map: [0x000001ea38c70000,0x000001ea38e80000] _byte_map_base: 0x000001ea38670000

Marking Bits: (ParMarkBitMap*) 0x00007ffd2b505250
 Begin Bits: [0x000001ea50c70000, 0x000001ea51c70000)
 End Bits:   [0x000001ea51c70000, 0x000001ea52c70000)

Polling page: 0x000001ea371f0000

Metaspace:

Usage:
  Non-class:     27.56 MB used.
      Class:      3.09 MB used.
       Both:     30.66 MB used.

Virtual space:
  Non-class space:       32.00 MB reserved,      27.94 MB ( 87%) committed,  4 nodes.
      Class space:        1.00 GB reserved,       3.38 MB ( <1%) committed,  1 nodes.
              Both:        1.03 GB reserved,      31.31 MB (  3%) committed. 

Chunk freelists:
   Non-Class:  3.88 MB
       Class:  528.00 KB
        Both:  4.39 MB

MaxMetaspaceSize: 17179869184.00 GB
CompressedClassSpaceSize: 1.00 GB
 - commit_granule_bytes: 65536.
 - commit_granule_words: 8192.
 - virtual_space_node_default_size: 1048576.
 - enlarge_chunks_in_place: 1.
 - new_chunks_are_fully_committed: 0.
 - uncommit_free_chunks: 1.
 - use_allocation_guard: 0.
 - handle_deallocations: 1.


Internal statistics:

num_allocs_failed_limit: 3.
num_arena_births: 320.
num_arena_deaths: 0.
num_vsnodes_births: 5.
num_vsnodes_deaths: 0.
num_space_committed: 501.
num_space_uncommitted: 0.
num_chunks_returned_to_freelist: 3.
num_chunks_taken_from_freelist: 1485.
num_chunk_merges: 0.
num_chunk_splits: 979.
num_chunks_enlarged: 646.
num_purges: 0.

CodeHeap 'non-profiled nmethods': size=120000Kb used=1121Kb max_used=1121Kb free=118878Kb
 bounds [0x000001ea49740000, 0x000001ea499b0000, 0x000001ea50c70000]
CodeHeap 'profiled nmethods': size=120000Kb used=6552Kb max_used=6552Kb free=113447Kb
 bounds [0x000001ea42210000, 0x000001ea42880000, 0x000001ea49740000]
CodeHeap 'non-nmethods': size=5760Kb used=1272Kb max_used=1305Kb free=4487Kb
 bounds [0x000001ea41c70000, 0x000001ea41ee0000, 0x000001ea42210000]
 total_blobs=3749 nmethods=3162 adapters=501
 compilation: enabled
              stopped_count=0, restarted_count=0
 full_count=0

Compilation events (20 events):
Event: 11.911 Thread 0x000001ea52db2d40 3165       3       sun.security.util.BitArray::get (47 bytes)
Event: 11.911 Thread 0x000001ea52db2d40 nmethod 3165 0x000001ea42870e90 code [0x000001ea42871080, 0x000001ea428714b8]
Event: 11.911 Thread 0x000001ea52db2d40 3166       1       sun.util.calendar.BaseCalendar$Date::getCachedJan1 (5 bytes)
Event: 11.911 Thread 0x000001ea52db2d40 nmethod 3166 0x000001ea49857890 code [0x000001ea49857a20, 0x000001ea49857af8]
Event: 11.911 Thread 0x000001ea52db2d40 3167       3       sun.security.util.ObjectIdentifier::toString (284 bytes)
Event: 11.912 Thread 0x000001ea52db2d40 nmethod 3167 0x000001ea42871690 code [0x000001ea42871a40, 0x000001ea42872f08]
Event: 11.913 Thread 0x000001ea52db2d40 3169       3       java.security.Provider::ensureLegacyParsed (123 bytes)
Event: 11.913 Thread 0x000001ea52db2d40 nmethod 3169 0x000001ea42873790 code [0x000001ea42873a20, 0x000001ea428747e8]
Event: 11.913 Thread 0x000001ea52db2d40 3168       3       sun.security.jca.ProviderList::getProvider (22 bytes)
Event: 11.913 Thread 0x000001ea52db2d40 nmethod 3168 0x000001ea42874b10 code [0x000001ea42874cc0, 0x000001ea42874ea8]
Event: 11.915 Thread 0x000001ea52db2d40 3170       1       sun.security.x509.Extension::getExtensionId (5 bytes)
Event: 11.915 Thread 0x000001ea52db2d40 nmethod 3170 0x000001ea49857b90 code [0x000001ea49857d20, 0x000001ea49857df8]
Event: 11.915 Thread 0x000001ea52db2d40 3171       1       sun.security.x509.Extension::isCritical (5 bytes)
Event: 11.915 Thread 0x000001ea52db2d40 nmethod 3171 0x000001ea49857e90 code [0x000001ea49858020, 0x000001ea498580f8]
Event: 11.915 Thread 0x000001ea52db2d40 3172       1       sun.security.x509.Extension::getExtensionValue (5 bytes)
Event: 11.915 Thread 0x000001ea52db2d40 nmethod 3172 0x000001ea49858190 code [0x000001ea49858320, 0x000001ea498583f8]
Event: 11.916 Thread 0x000001ea52db2d40 3173  s    3       java.io.ByteArrayInputStream::read (73 bytes)
Event: 11.916 Thread 0x000001ea52db2d40 nmethod 3173 0x000001ea42874f90 code [0x000001ea42875180, 0x000001ea42875778]
Event: 11.916 Thread 0x000001ea52db2d40 3174       2       java.io.BufferedInputStream::read1 (108 bytes)
Event: 11.917 Thread 0x000001ea52db2d40 nmethod 3174 0x000001ea42875910 code [0x000001ea42875b20, 0x000001ea42876078]

GC Heap History (10 events):
Event: 5.766 GC heap before
{Heap before GC invocations=1 (full 0):
 PSYoungGen      total 29696K, used 25600K [0x00000000eab00000, 0x00000000ecc00000, 0x0000000100000000)
  eden space 25600K, 100% used [0x00000000eab00000,0x00000000ec400000,0x00000000ec400000)
  from space 4096K, 0% used [0x00000000ec800000,0x00000000ec800000,0x00000000ecc00000)
  to   space 4096K, 0% used [0x00000000ec400000,0x00000000ec400000,0x00000000ec800000)
 ParOldGen       total 68608K, used 0K [0x00000000c0000000, 0x00000000c4300000, 0x00000000eab00000)
  object space 68608K, 0% used [0x00000000c0000000,0x00000000c0000000,0x00000000c4300000)
 Metaspace       used 7131K, committed 7296K, reserved 1056768K
  class space    used 656K, committed 704K, reserved 1048576K
}
Event: 5.787 GC heap after
{Heap after GC invocations=1 (full 0):
 PSYoungGen      total 29696K, used 4064K [0x00000000eab00000, 0x00000000ecc00000, 0x0000000100000000)
  eden space 25600K, 0% used [0x00000000eab00000,0x00000000eab00000,0x00000000ec400000)
  from space 4096K, 99% used [0x00000000ec400000,0x00000000ec7f82e0,0x00000000ec800000)
  to   space 4096K, 0% used [0x00000000ec800000,0x00000000ec800000,0x00000000ecc00000)
 ParOldGen       total 68608K, used 678K [0x00000000c0000000, 0x00000000c4300000, 0x00000000eab00000)
  object space 68608K, 0% used [0x00000000c0000000,0x00000000c00a9af8,0x00000000c4300000)
 Metaspace       used 7131K, committed 7296K, reserved 1056768K
  class space    used 656K, committed 704K, reserved 1048576K
}
Event: 8.004 GC heap before
{Heap before GC invocations=2 (full 0):
 PSYoungGen      total 29696K, used 29664K [0x00000000eab00000, 0x00000000ecc00000, 0x0000000100000000)
  eden space 25600K, 100% used [0x00000000eab00000,0x00000000ec400000,0x00000000ec400000)
  from space 4096K, 99% used [0x00000000ec400000,0x00000000ec7f82e0,0x00000000ec800000)
  to   space 4096K, 0% used [0x00000000ec800000,0x00000000ec800000,0x00000000ecc00000)
 ParOldGen       total 68608K, used 678K [0x00000000c0000000, 0x00000000c4300000, 0x00000000eab00000)
  object space 68608K, 0% used [0x00000000c0000000,0x00000000c00a9af8,0x00000000c4300000)
 Metaspace       used 17719K, committed 18112K, reserved 1073152K
  class space    used 1615K, committed 1792K, reserved 1048576K
}
Event: 8.011 GC heap after
{Heap after GC invocations=2 (full 0):
 PSYoungGen      total 29696K, used 4070K [0x00000000eab00000, 0x00000000ecc00000, 0x0000000100000000)
  eden space 25600K, 0% used [0x00000000eab00000,0x00000000eab00000,0x00000000ec400000)
  from space 4096K, 99% used [0x00000000ec800000,0x00000000ecbf98c8,0x00000000ecc00000)
  to   space 4096K, 0% used [0x00000000ec400000,0x00000000ec400000,0x00000000ec800000)
 ParOldGen       total 68608K, used 3589K [0x00000000c0000000, 0x00000000c4300000, 0x00000000eab00000)
  object space 68608K, 5% used [0x00000000c0000000,0x00000000c0381660,0x00000000c4300000)
 Metaspace       used 17719K, committed 18112K, reserved 1073152K
  class space    used 1615K, committed 1792K, reserved 1048576K
}
Event: 9.828 GC heap before
{Heap before GC invocations=3 (full 0):
 PSYoungGen      total 29696K, used 21192K [0x00000000eab00000, 0x00000000ecc00000, 0x0000000100000000)
  eden space 25600K, 66% used [0x00000000eab00000,0x00000000ebbb87e8,0x00000000ec400000)
  from space 4096K, 99% used [0x00000000ec800000,0x00000000ecbf98c8,0x00000000ecc00000)
  to   space 4096K, 0% used [0x00000000ec400000,0x00000000ec400000,0x00000000ec800000)
 ParOldGen       total 68608K, used 3589K [0x00000000c0000000, 0x00000000c4300000, 0x00000000eab00000)
  object space 68608K, 5% used [0x00000000c0000000,0x00000000c0381660,0x00000000c4300000)
 Metaspace       used 20835K, committed 21248K, reserved 1073152K
  class space    used 1861K, committed 2048K, reserved 1048576K
}
Event: 9.834 GC heap after
{Heap after GC invocations=3 (full 0):
 PSYoungGen      total 29696K, used 4087K [0x00000000eab00000, 0x00000000ecc00000, 0x0000000100000000)
  eden space 25600K, 0% used [0x00000000eab00000,0x00000000eab00000,0x00000000ec400000)
  from space 4096K, 99% used [0x00000000ec400000,0x00000000ec7fdc98,0x00000000ec800000)
  to   space 4096K, 0% used [0x00000000ec800000,0x00000000ec800000,0x00000000ecc00000)
 ParOldGen       total 68608K, used 4688K [0x00000000c0000000, 0x00000000c4300000, 0x00000000eab00000)
  object space 68608K, 6% used [0x00000000c0000000,0x00000000c04941b0,0x00000000c4300000)
 Metaspace       used 20835K, committed 21248K, reserved 1073152K
  class space    used 1861K, committed 2048K, reserved 1048576K
}
Event: 9.834 GC heap before
{Heap before GC invocations=4 (full 1):
 PSYoungGen      total 29696K, used 4087K [0x00000000eab00000, 0x00000000ecc00000, 0x0000000100000000)
  eden space 25600K, 0% used [0x00000000eab00000,0x00000000eab00000,0x00000000ec400000)
  from space 4096K, 99% used [0x00000000ec400000,0x00000000ec7fdc98,0x00000000ec800000)
  to   space 4096K, 0% used [0x00000000ec800000,0x00000000ec800000,0x00000000ecc00000)
 ParOldGen       total 68608K, used 4688K [0x00000000c0000000, 0x00000000c4300000, 0x00000000eab00000)
  object space 68608K, 6% used [0x00000000c0000000,0x00000000c04941b0,0x00000000c4300000)
 Metaspace       used 20835K, committed 21248K, reserved 1073152K
  class space    used 1861K, committed 2048K, reserved 1048576K
}
Event: 9.881 GC heap after
{Heap after GC invocations=4 (full 1):
 PSYoungGen      total 29696K, used 0K [0x00000000eab00000, 0x00000000ecc00000, 0x0000000100000000)
  eden space 25600K, 0% used [0x00000000eab00000,0x00000000eab00000,0x00000000ec400000)
  from space 4096K, 0% used [0x00000000ec400000,0x00000000ec400000,0x00000000ec800000)
  to   space 4096K, 0% used [0x00000000ec800000,0x00000000ec800000,0x00000000ecc00000)
 ParOldGen       total 68608K, used 8615K [0x00000000c0000000, 0x00000000c4300000, 0x00000000eab00000)
  object space 68608K, 12% used [0x00000000c0000000,0x00000000c0869d00,0x00000000c4300000)
 Metaspace       used 20835K, committed 21248K, reserved 1073152K
  class space    used 1861K, committed 2048K, reserved 1048576K
}
Event: 11.089 GC heap before
{Heap before GC invocations=5 (full 1):
 PSYoungGen      total 29696K, used 25600K [0x00000000eab00000, 0x00000000ecc00000, 0x0000000100000000)
  eden space 25600K, 100% used [0x00000000eab00000,0x00000000ec400000,0x00000000ec400000)
  from space 4096K, 0% used [0x00000000ec400000,0x00000000ec400000,0x00000000ec800000)
  to   space 4096K, 0% used [0x00000000ec800000,0x00000000ec800000,0x00000000ecc00000)
 ParOldGen       total 68608K, used 8615K [0x00000000c0000000, 0x00000000c4300000, 0x00000000eab00000)
  object space 68608K, 12% used [0x00000000c0000000,0x00000000c0869d00,0x00000000c4300000)
 Metaspace       used 28035K, committed 28736K, reserved 1081344K
  class space    used 2781K, committed 3072K, reserved 1048576K
}
Event: 11.092 GC heap after
{Heap after GC invocations=5 (full 1):
 PSYoungGen      total 29696K, used 3769K [0x00000000eab00000, 0x00000000ecc00000, 0x0000000100000000)
  eden space 25600K, 0% used [0x00000000eab00000,0x00000000eab00000,0x00000000ec400000)
  from space 4096K, 92% used [0x00000000ec800000,0x00000000ecbae730,0x00000000ecc00000)
  to   space 4096K, 0% used [0x00000000ec400000,0x00000000ec400000,0x00000000ec800000)
 ParOldGen       total 68608K, used 8623K [0x00000000c0000000, 0x00000000c4300000, 0x00000000eab00000)
  object space 68608K, 12% used [0x00000000c0000000,0x00000000c086bd00,0x00000000c4300000)
 Metaspace       used 28035K, committed 28736K, reserved 1081344K
  class space    used 2781K, committed 3072K, reserved 1048576K
}

Deoptimization events (20 events):
Event: 11.299 Thread 0x000001ea5520c5c0 Uncommon trap: trap_request=0xffffff45 fr.pc=0x000001ea4980982c relative=0x000000000000018c
Event: 11.299 Thread 0x000001ea5520c5c0 Uncommon trap: reason=unstable_if action=reinterpret pc=0x000001ea4980982c method=java.util.HashMap.putVal(ILjava/lang/Object;Ljava/lang/Object;ZZ)Ljava/lang/Object; @ 162 c2
Event: 11.299 Thread 0x000001ea5520c5c0 DEOPT PACKING pc=0x000001ea4980982c sp=0x000000ccae1fdb30
Event: 11.299 Thread 0x000001ea5520c5c0 DEOPT UNPACKING pc=0x000001ea41cbd42e sp=0x000000ccae1fdaa0 mode 2
Event: 11.338 Thread 0x000001ea5520c5c0 Uncommon trap: trap_request=0xffffffde fr.pc=0x000001ea4982aad4 relative=0x0000000000000194
Event: 11.338 Thread 0x000001ea5520c5c0 Uncommon trap: reason=class_check action=maybe_recompile pc=0x000001ea4982aad4 method=java.io.BufferedInputStream.read1([BII)I @ 39 c2
Event: 11.338 Thread 0x000001ea5520c5c0 DEOPT PACKING pc=0x000001ea4982aad4 sp=0x000000ccae1fae90
Event: 11.338 Thread 0x000001ea5520c5c0 DEOPT UNPACKING pc=0x000001ea41cbd42e sp=0x000000ccae1fae18 mode 2
Event: 11.340 Thread 0x000001ea5520c5c0 Uncommon trap: trap_request=0xffffffde fr.pc=0x000001ea4982aad4 relative=0x0000000000000194
Event: 11.340 Thread 0x000001ea5520c5c0 Uncommon trap: reason=class_check action=maybe_recompile pc=0x000001ea4982aad4 method=java.io.BufferedInputStream.read1([BII)I @ 39 c2
Event: 11.340 Thread 0x000001ea5520c5c0 DEOPT PACKING pc=0x000001ea4982aad4 sp=0x000000ccae1fae20
Event: 11.340 Thread 0x000001ea5520c5c0 DEOPT UNPACKING pc=0x000001ea41cbd42e sp=0x000000ccae1fada8 mode 2
Event: 11.342 Thread 0x000001ea5520c5c0 Uncommon trap: trap_request=0xffffffde fr.pc=0x000001ea4982aad4 relative=0x0000000000000194
Event: 11.342 Thread 0x000001ea5520c5c0 Uncommon trap: reason=class_check action=maybe_recompile pc=0x000001ea4982aad4 method=java.io.BufferedInputStream.read1([BII)I @ 39 c2
Event: 11.342 Thread 0x000001ea5520c5c0 DEOPT PACKING pc=0x000001ea4982aad4 sp=0x000000ccae1fae90
Event: 11.342 Thread 0x000001ea5520c5c0 DEOPT UNPACKING pc=0x000001ea41cbd42e sp=0x000000ccae1fae18 mode 2
Event: 11.342 Thread 0x000001ea5520c5c0 Uncommon trap: trap_request=0xffffffde fr.pc=0x000001ea4982aad4 relative=0x0000000000000194
Event: 11.342 Thread 0x000001ea5520c5c0 Uncommon trap: reason=class_check action=maybe_recompile pc=0x000001ea4982aad4 method=java.io.BufferedInputStream.read1([BII)I @ 39 c2
Event: 11.342 Thread 0x000001ea5520c5c0 DEOPT PACKING pc=0x000001ea4982aad4 sp=0x000000ccae1fae20
Event: 11.342 Thread 0x000001ea5520c5c0 DEOPT UNPACKING pc=0x000001ea41cbd42e sp=0x000000ccae1fada8 mode 2

Classes unloaded (0 events):
No events

Classes redefined (0 events):
No events

Internal exceptions (20 events):
Event: 7.699 Thread 0x000001ea54bfd1c0 Exception <a 'java/io/FileNotFoundException'{0x00000000ebdc1f00}> (0x00000000ebdc1f00) 
thrown [e:\jenkins\tmp\workspace\build\src\src\hotspot\share\prims\jni.cpp, line 579]
Event: 7.699 Thread 0x000001ea54bfd1c0 Exception <a 'java/io/FileNotFoundException'{0x00000000ebdc3050}> (0x00000000ebdc3050) 
thrown [e:\jenkins\tmp\workspace\build\src\src\hotspot\share\prims\jni.cpp, line 579]
Event: 7.699 Thread 0x000001ea54bfd1c0 Exception <a 'java/io/FileNotFoundException'{0x00000000ebdc41a8}> (0x00000000ebdc41a8) 
thrown [e:\jenkins\tmp\workspace\build\src\src\hotspot\share\prims\jni.cpp, line 579]
Event: 8.453 Thread 0x000001ea54bfd1c0 Exception <a 'java/lang/ClassNotFoundException'{0x00000000eb82b458}: com/sun/org/apache/xerces/internal/impl/msg/spi/DOMMessagesProvider> (0x00000000eb82b458) 
thrown [e:\jenkins\tmp\workspace\build\src\src\hotspot\share\classfile\systemDictionary.cpp, line 256]
Event: 8.456 Thread 0x000001ea54bfd1c0 Exception <a 'java/lang/ClassNotFoundException'{0x00000000eb83ffb8}: com/sun/org/apache/xerces/internal/impl/msg/spi/XMLSerializerMessagesProvider> (0x00000000eb83ffb8) 
thrown [e:\jenkins\tmp\workspace\build\src\src\hotspot\share\classfile\systemDictionary.cpp, line 256]
Event: 8.457 Thread 0x000001ea54bfd1c0 Exception <a 'java/lang/ClassNotFoundException'{0x00000000eb84b500}: com/sun/org/apache/xerces/internal/impl/msg/spi/XMLMessagesProvider> (0x00000000eb84b500) 
thrown [e:\jenkins\tmp\workspace\build\src\src\hotspot\share\classfile\systemDictionary.cpp, line 256]
Event: 9.653 Thread 0x000001ea54bfd1c0 Exception <a 'sun/nio/fs/WindowsException'{0x00000000eba5a080}> (0x00000000eba5a080) 
thrown [e:\jenkins\tmp\workspace\build\src\src\hotspot\share\prims\jni.cpp, line 579]
Event: 9.939 Thread 0x000001ea54bfd1c0 Exception <a 'java/lang/ClassNotFoundException'{0x00000000eaba6ea8}: com/sun/org/apache/xml/internal/serializer/spi/XMLEntitiesProvider> (0x00000000eaba6ea8) 
thrown [e:\jenkins\tmp\workspace\build\src\src\hotspot\share\classfile\systemDictionary.cpp, line 256]
Event: 10.374 Thread 0x000001ea54bfd1c0 Exception <a 'java/lang/NoSuchMethodError'{0x00000000eb581b50}: 'void java.lang.invoke.DirectMethodHandle$Holder.invokeSpecial(java.lang.Object, java.lang.Object, java.lang.Object, int)'> (0x00000000eb581b50) 
thrown [e:\jenkins\tmp\workspace\build\src\src\hotspot\share\interpreter\linkResolver.cpp, line 790]
Event: 10.449 Thread 0x000001ea54bfd1c0 Exception <a 'java/lang/NoSuchMethodError'{0x00000000eb6fd3d8}: static Lorg/eclipse/m2e/core/internal/lifecyclemapping/model/PluginExecutionMetadata;.<clinit>()V> (0x00000000eb6fd3d8) 
thrown [e:\jenkins\tmp\workspace\build\src\src\hotspot\share\prims\jni.cpp, line 1210]
Event: 10.453 Thread 0x000001ea54bfd1c0 Exception <a 'java/lang/NoSuchMethodError'{0x00000000eb7261e8}: static Lorg/eclipse/m2e/core/internal/lifecyclemapping/model/PluginExecutionFilter;.<clinit>()V> (0x00000000eb7261e8) 
thrown [e:\jenkins\tmp\workspace\build\src\src\hotspot\share\prims\jni.cpp, line 1210]
Event: 10.531 Thread 0x000001ea54bfd1c0 Exception <a 'java/io/FileNotFoundException'{0x00000000eb903748}> (0x00000000eb903748) 
thrown [e:\jenkins\tmp\workspace\build\src\src\hotspot\share\prims\jni.cpp, line 579]
Event: 10.549 Thread 0x000001ea54bfd1c0 Exception <a 'java/io/FileNotFoundException'{0x00000000eb958fd0}> (0x00000000eb958fd0) 
thrown [e:\jenkins\tmp\workspace\build\src\src\hotspot\share\prims\jni.cpp, line 579]
Event: 10.556 Thread 0x000001ea54bfd1c0 Exception <a 'java/io/FileNotFoundException'{0x00000000eb9834b0}> (0x00000000eb9834b0) 
thrown [e:\jenkins\tmp\workspace\build\src\src\hotspot\share\prims\jni.cpp, line 579]
Event: 10.673 Thread 0x000001ea54bfd1c0 Implicit null exception at 0x000001ea4980f6c7 to 0x000001ea49810360
Event: 10.913 Thread 0x000001ea392b03f0 Exception <a 'java/lang/NoSuchMethodError'{0x00000000ec1e4430}: 'java.lang.Object java.lang.invoke.DirectMethodHandle$Holder.newInvokeSpecial(java.lang.Object, java.lang.Object, java.lang.Object, java.lang.Object, java.lang.Object)'> (0x00000000ec1e4430) 
thrown [e:\jenkins\tmp\workspace\build\src\src\hotspot\share\interpreter\linkResolver.cpp, line 790]
Event: 11.210 Thread 0x000001ea5520c5c0 Exception <a 'java/lang/NoSuchMethodError'{0x00000000ead201e0}: 'org.slf4j.impl.StaticMDCBinder org.slf4j.impl.StaticMDCBinder.getSingleton()'> (0x00000000ead201e0) 
thrown [e:\jenkins\tmp\workspace\build\src\src\hotspot\share\interpreter\linkResolver.cpp, line 790]
Event: 11.262 Thread 0x000001ea5520e050 Exception <a 'java/io/FileNotFoundException'{0x00000000ead6b0b0}> (0x00000000ead6b0b0) 
thrown [e:\jenkins\tmp\workspace\build\src\src\hotspot\share\prims\jni.cpp, line 579]
Event: 11.330 Thread 0x000001ea5520c5c0 Exception <a 'sun/nio/fs/WindowsException'{0x00000000eae88a00}> (0x00000000eae88a00) 
thrown [e:\jenkins\tmp\workspace\build\src\src\hotspot\share\prims\jni.cpp, line 579]
Event: 11.545 Thread 0x000001ea5520e050 Exception <a 'java/lang/NoSuchMethodError'{0x00000000eb21c150}: 'void java.lang.invoke.DirectMethodHandle$Holder.invokeStatic(java.lang.Object, java.lang.Object, java.lang.Object, java.lang.Object, java.lang.Object, java.lang.Object)'> (0x00000000eb21c150) 
thrown [e:\jenkins\tmp\workspace\build\src\src\hotspot\share\interpreter\linkResolver.cpp, line 790]

Events (20 events):
Event: 11.872 loading class sun/security/action/OpenFileInputStreamAction
Event: 11.872 loading class sun/security/action/OpenFileInputStreamAction done
Event: 11.875 loading class sun/security/provider/JavaKeyStore$TrustedCertEntry
Event: 11.875 loading class sun/security/provider/JavaKeyStore$TrustedCertEntry done
Event: 11.876 loading class java/security/interfaces/ECPublicKey
Event: 11.876 loading class java/security/interfaces/ECPublicKey done
Event: 11.877 loading class jdk/internal/logger/LazyLoggers
Event: 11.878 loading class jdk/internal/logger/LazyLoggers done
Event: 11.878 loading class jdk/internal/logger/LazyLoggers$1
Event: 11.878 loading class jdk/internal/logger/LazyLoggers$1 done
Event: 11.878 loading class jdk/internal/logger/LazyLoggers$LazyLoggerFactories
Event: 11.879 loading class jdk/internal/logger/LazyLoggers$LazyLoggerFactories done
Event: 11.880 loading class jdk/internal/logger/LoggerFinderLoader
Event: 11.880 loading class jdk/internal/logger/LoggerFinderLoader done
Event: 11.880 loading class sun/util/logging/internal/LoggingProviderImpl$JULWrapper
Event: 11.881 loading class sun/util/logging/PlatformLogger$ConfigurableBridge$LoggerConfiguration
Event: 11.881 loading class sun/util/logging/PlatformLogger$ConfigurableBridge$LoggerConfiguration done
Event: 11.881 loading class sun/util/logging/internal/LoggingProviderImpl$JULWrapper done
Event: 11.910 loading class sun/security/x509/RFC822Name
Event: 11.911 loading class sun/security/x509/RFC822Name done


Dynamic libraries:
0x00007ff641f50000 - 0x00007ff641f5e000 	C:\Program Files\Eclipse Foundation\jdk-16.0.2.7-hotspot\bin\java.exe
0x00007ffdb8530000 - 0x00007ffdb8725000 	C:\WINDOWS\SYSTEM32\ntdll.dll
0x00007ffdb8140000 - 0x00007ffdb81fd000 	C:\WINDOWS\System32\KERNEL32.DLL
0x00007ffdb6090000 - 0x00007ffdb6359000 	C:\WINDOWS\System32\KERNELBASE.dll
0x00007ffdb6460000 - 0x00007ffdb6560000 	C:\WINDOWS\System32\ucrtbase.dll
0x00007ffda58e0000 - 0x00007ffda58f8000 	C:\Program Files\Eclipse Foundation\jdk-16.0.2.7-hotspot\bin\jli.dll
0x00007ffdb7cb0000 - 0x00007ffdb7e50000 	C:\WINDOWS\System32\USER32.dll
0x00007ffdb5f50000 - 0x00007ffdb5f72000 	C:\WINDOWS\System32\win32u.dll
0x00007ffdb80d0000 - 0x00007ffdb80fa000 	C:\WINDOWS\System32\GDI32.dll
0x00007ffdb5f80000 - 0x00007ffdb608b000 	C:\WINDOWS\System32\gdi32full.dll
0x00007ffdb6360000 - 0x00007ffdb63fd000 	C:\WINDOWS\System32\msvcp_win.dll
0x00007ffda2070000 - 0x00007ffda230a000 	C:\WINDOWS\WinSxS\amd64_microsoft.windows.common-controls_6595b64144ccf1df_6.0.19041.1110_none_60b5254171f9507e\COMCTL32.dll
0x00007ffdb6b70000 - 0x00007ffdb6c0e000 	C:\WINDOWS\System32\msvcrt.dll
0x00007ffda56d0000 - 0x00007ffda56e9000 	C:\Program Files\Eclipse Foundation\jdk-16.0.2.7-hotspot\bin\VCRUNTIME140.dll
0x00007ffdb8100000 - 0x00007ffdb8130000 	C:\WINDOWS\System32\IMM32.DLL
0x00007ffda7bf0000 - 0x00007ffda7bfc000 	C:\Program Files\Eclipse Foundation\jdk-16.0.2.7-hotspot\bin\vcruntime140_1.dll
0x00007ffd43d60000 - 0x00007ffd43df1000 	C:\Program Files\Eclipse Foundation\jdk-16.0.2.7-hotspot\bin\msvcp140.dll
0x00007ffd2a990000 - 0x00007ffd2b5c7000 	C:\Program Files\Eclipse Foundation\jdk-16.0.2.7-hotspot\bin\server\jvm.dll
0x00007ffdb6640000 - 0x00007ffdb66ec000 	C:\WINDOWS\System32\ADVAPI32.dll
0x00007ffdb7720000 - 0x00007ffdb77bb000 	C:\WINDOWS\System32\sechost.dll
0x00007ffdb7b80000 - 0x00007ffdb7caa000 	C:\WINDOWS\System32\RPCRT4.dll
0x00007ffdb76b0000 - 0x00007ffdb76b8000 	C:\WINDOWS\System32\PSAPI.DLL
0x00007ffda7410000 - 0x00007ffda7419000 	C:\WINDOWS\SYSTEM32\WSOCK32.dll
0x00007ffdb7f30000 - 0x00007ffdb7f9b000 	C:\WINDOWS\System32\WS2_32.dll
0x00007ffdaded0000 - 0x00007ffdadef7000 	C:\WINDOWS\SYSTEM32\WINMM.dll
0x00007ffdb0b00000 - 0x00007ffdb0b0a000 	C:\WINDOWS\SYSTEM32\VERSION.dll
0x00007ffdb3b90000 - 0x00007ffdb3ba2000 	C:\WINDOWS\SYSTEM32\kernel.appcore.dll
0x00007ffda6f50000 - 0x00007ffda6f5a000 	C:\Program Files\Eclipse Foundation\jdk-16.0.2.7-hotspot\bin\jimage.dll
0x00007ffdaf840000 - 0x00007ffdafa24000 	C:\WINDOWS\SYSTEM32\DBGHELP.DLL
0x00007ffd9f450000 - 0x00007ffd9f47c000 	C:\WINDOWS\SYSTEM32\dbgcore.DLL
0x00007ffdb5ec0000 - 0x00007ffdb5f43000 	C:\WINDOWS\System32\bcryptPrimitives.dll
0x00007ffd9b640000 - 0x00007ffd9b665000 	C:\Program Files\Eclipse Foundation\jdk-16.0.2.7-hotspot\bin\java.dll
0x00007ffdb6f70000 - 0x00007ffdb76af000 	C:\WINDOWS\System32\SHELL32.dll
0x00007ffdb3d90000 - 0x00007ffdb4520000 	C:\WINDOWS\SYSTEM32\windows.storage.dll
0x00007ffdb6c10000 - 0x00007ffdb6f65000 	C:\WINDOWS\System32\combase.dll
0x00007ffdb5650000 - 0x00007ffdb567c000 	C:\WINDOWS\SYSTEM32\Wldp.dll
0x00007ffdb6590000 - 0x00007ffdb663e000 	C:\WINDOWS\System32\SHCORE.dll
0x00007ffdb76c0000 - 0x00007ffdb7715000 	C:\WINDOWS\System32\shlwapi.dll
0x00007ffdb5ba0000 - 0x00007ffdb5bbf000 	C:\WINDOWS\SYSTEM32\profapi.dll
0x00007ffda0690000 - 0x00007ffda06a9000 	C:\Program Files\Eclipse Foundation\jdk-16.0.2.7-hotspot\bin\net.dll
0x00007ffdb09f0000 - 0x00007ffdb0af8000 	C:\WINDOWS\SYSTEM32\WINHTTP.dll
0x00007ffdb5350000 - 0x00007ffdb53ba000 	C:\WINDOWS\system32\mswsock.dll
0x00007ffd9d010000 - 0x00007ffd9d023000 	C:\Program Files\Eclipse Foundation\jdk-16.0.2.7-hotspot\bin\nio.dll
0x00007ffd9bb90000 - 0x00007ffd9bba8000 	C:\Program Files\Eclipse Foundation\jdk-16.0.2.7-hotspot\bin\zip.dll
0x00007ffdb5550000 - 0x00007ffdb5568000 	C:\WINDOWS\SYSTEM32\CRYPTSP.dll
0x00007ffdb4cd0000 - 0x00007ffdb4d04000 	C:\WINDOWS\system32\rsaenh.dll
0x00007ffdb6560000 - 0x00007ffdb6587000 	C:\WINDOWS\System32\bcrypt.dll
0x00007ffdb5b60000 - 0x00007ffdb5b8e000 	C:\WINDOWS\SYSTEM32\USERENV.dll
0x00007ffdb5540000 - 0x00007ffdb554c000 	C:\WINDOWS\SYSTEM32\CRYPTBASE.dll
0x00007ffdb5040000 - 0x00007ffdb507b000 	C:\WINDOWS\SYSTEM32\IPHLPAPI.DLL
0x00007ffdb7f20000 - 0x00007ffdb7f28000 	C:\WINDOWS\System32\NSI.dll
0x00007ffdb0b10000 - 0x00007ffdb0b27000 	C:\WINDOWS\SYSTEM32\dhcpcsvc6.DLL
0x00007ffdaf660000 - 0x00007ffdaf67d000 	C:\WINDOWS\SYSTEM32\dhcpcsvc.DLL
0x00007ffdb5080000 - 0x00007ffdb514c000 	C:\WINDOWS\SYSTEM32\DNSAPI.dll
0x00007ffd99c30000 - 0x00007ffd99c6e000 	C:\Users\George\AppData\Roaming\Code\User\globalStorage\redhat.java\0.81.0\config_win\org.eclipse.equinox.launcher\org.eclipse.equinox.launcher.win32.win32.x86_64_1.2.300.v20210622-1446\eclipse_11503.dll
0x00007ffda5730000 - 0x00007ffda5740000 	C:\Program Files\Eclipse Foundation\jdk-16.0.2.7-hotspot\bin\verify.dll
0x00007ffd91c70000 - 0x00007ffd91c81000 	C:\Users\George\AppData\Roaming\Code\User\globalStorage\redhat.java\0.81.0\config_win\org.eclipse.osgi\22\0\.cp\jWinHttp-1.0.0.dll
0x00007ffdb7fa0000 - 0x00007ffdb80ca000 	C:\WINDOWS\System32\ole32.dll

dbghelp: loaded successfully - version: 4.0.5 - missing functions: none
symbol engine: initialized successfully - sym options: 0x614 - pdb path: .;C:\Program Files\Eclipse Foundation\jdk-16.0.2.7-hotspot\bin;C:\WINDOWS\SYSTEM32;C:\WINDOWS\WinSxS\amd64_microsoft.windows.common-controls_6595b64144ccf1df_6.0.19041.1110_none_60b5254171f9507e;C:\Program Files\Eclipse Foundation\jdk-16.0.2.7-hotspot\bin\server;C:\Users\George\AppData\Roaming\Code\User\globalStorage\redhat.java\0.81.0\config_win\org.eclipse.equinox.launcher\org.eclipse.equinox.launcher.win32.win32.x86_64_1.2.300.v20210622-1446;C:\Users\George\AppData\Roaming\Code\User\globalStorage\redhat.java\0.81.0\config_win\org.eclipse.osgi\22\0\.cp

VM Arguments:
jvm_args: --add-modules=ALL-SYSTEM --add-opens=java.base/java.util=ALL-UNNAMED --add-opens=java.base/java.lang=ALL-UNNAMED -Declipse.application=org.eclipse.jdt.ls.core.id1 -Dosgi.bundles.defaultStartLevel=4 -Declipse.product=org.eclipse.jdt.ls.core.product -Dfile.encoding=utf8 -DwatchParentProcess=false -XX:+UseParallelGC -XX:GCTimeRatio=4 -XX:AdaptiveSizePolicyWeight=90 -Dsun.zip.disableMemoryMapping=true -Xmx1G -Xms100m 
java_command: c:\Users\George\.vscode\extensions\redhat.java-0.81.0\server\plugins\org.eclipse.equinox.launcher_1.6.200.v20210416-2027.jar -configuration c:\Users\George\AppData\Roaming\Code\User\globalStorage\redhat.java\0.81.0\config_win -data c:\Users\George\AppData\Roaming\Code\User\workspaceStorage\0c114361161fcf431a097364f6f69c26\redhat.java\jdt_ws
java_class_path (initial): c:\Users\George\.vscode\extensions\redhat.java-0.81.0\server\plugins\org.eclipse.equinox.launcher_1.6.200.v20210416-2027.jar
Launcher Type: SUN_STANDARD

[Global flags]
    uintx AdaptiveSizePolicyWeight                 = 90                                        {product} {command line}
     intx CICompilerCount                          = 3                                         {product} {ergonomic}
    uintx GCTimeRatio                              = 4                                         {product} {command line}
   size_t InitialHeapSize                          = 104857600                                 {product} {command line}
   size_t MaxHeapSize                              = 1073741824                                {product} {command line}
   size_t MaxNewSize                               = 357564416                                 {product} {ergonomic}
   size_t MinHeapDeltaBytes                        = 524288                                    {product} {ergonomic}
   size_t MinHeapSize                              = 104857600                                 {product} {command line}
   size_t NewSize                                  = 34603008                                  {product} {ergonomic}
    uintx NonNMethodCodeHeapSize                   = 5832780                                {pd product} {ergonomic}
    uintx NonProfiledCodeHeapSize                  = 122912730                              {pd product} {ergonomic}
   size_t OldSize                                  = 70254592                                  {product} {ergonomic}
    uintx ProfiledCodeHeapSize                     = 122912730                              {pd product} {ergonomic}
    uintx ReservedCodeCacheSize                    = 251658240                              {pd product} {ergonomic}
     bool SegmentedCodeCache                       = true                                      {product} {ergonomic}
   size_t SoftMaxHeapSize                          = 1073741824                             {manageable} {ergonomic}
     bool UseCompressedClassPointers               = true                           {product lp64_product} {ergonomic}
     bool UseCompressedOops                        = true                           {product lp64_product} {ergonomic}
     bool UseLargePagesIndividualAllocation        = false                                  {pd product} {ergonomic}
     bool UseParallelGC                            = true                                      {product} {command line}

Logging:
Log output configuration:
 #0: stdout all=warning uptime,level,tags
 #1: stderr all=off uptime,level,tags

Environment Variables:
PATH=C:\Program Files\Eclipse Foundation\jdk-16.0.2.7-hotspot\bin;C:\Program Files (x86)\NVIDIA Corporation\PhysX\Common;C:\Program Files (x86)\Common Files\Oracle\Java\javapath;C:\Program Files (x86)\Common Files\Intel\Shared Libraries\redist\intel64\compiler;C:\WINDOWS\system32;C:\WINDOWS;C:\WINDOWS\System32\Wbem;C:\WINDOWS\System32\WindowsPowerShell\v1.0\;C:\Program Files (x86)\Mikero\DePboTools\bin;C:\WINDOWS\System32\OpenSSH\;C:\Program Files (x86)\Microsoft SQL Server\110\Tools\Binn\;C:\Program Files (x86)\Microsoft SQL Server\110\DTS\Binn\;C:\Program Files (x86)\AMD\ATI.ACE\Core-Static;C:\Users\George\AppData\Local\Microsoft\WindowsApps;C:\Program Files (x86)\Mikero\DePboTools\bin;C:\Users\George\AppData\Local\Programs\Microsoft VS Code\bin;C:\Users\George\AppData\Local\GitHubDesktop\bin
USERNAME=George
OS=Windows_NT
PROCESSOR_IDENTIFIER=Intel64 Family 6 Model 58 Stepping 9, GenuineIntel



---------------  S Y S T E M  ---------------

OS:
 Windows 10 , 64 bit Build 19041 (10.0.19041.1151)
OS uptime: 0 days 12:20 hours

CPU: total 4 (initial active 4) (4 cores per cpu, 1 threads per core) family 6 model 58 stepping 9 microcode 0x21, cx8, cmov, fxsr, mmx, sse, sse2, sse3, ssse3, sse4.1, sse4.2, popcnt, tsc, tscinvbit, avx, aes, erms, clmul, vzeroupper, clflush

Memory: 4k page, system-wide physical 8159M (273M free)
TotalPageFile size 12905M (AvailPageFile size 7M)
current process WorkingSet (physical memory assigned to process): 162M, peak: 167M
current process commit charge ("private bytes"): 263M, peak: 266M

vm_info: OpenJDK 64-Bit Server VM (16.0.2+7) for windows-amd64 JRE (16.0.2+7), built on Jul 22 2021 15:19:09 by "" with MS VC++ 16.7 (VS2019)

END.
